The system is: Linux - 3.10.0-1127.13.1.el7.x86_64 - x86_64
Compiling the C compiler identification source file "CMakeCCompilerId.c" succeeded.
Compiler: /cvmfs/dune.opensciencegrid.org/products/dune/gcc/v8_2_0/Linux64bit+3.10-2.17/bin/cc 
Build flags: 
Id flags:  

The output was:
0


Compilation of the C compiler identification source "CMakeCCompilerId.c" produced "a.out"

The C compiler identification is GNU, found in "/storage/epp2/phupqr/Pandora.repos/Workshop/WorkshopContent/workshopcontent/Algorithms/CMakeFiles/3.14.3/CompilerIdC/a.out"

Compiling the CXX compiler identification source file "CMakeCXXCompilerId.cpp" succeeded.
Compiler: /cvmfs/dune.opensciencegrid.org/products/dune/gcc/v8_2_0/Linux64bit+3.10-2.17/bin/c++ 
Build flags: 
Id flags:  

The output was:
0


Compilation of the CXX compiler identification source "CMakeCXXCompilerId.cpp" produced "a.out"

The CXX compiler identification is GNU, found in "/storage/epp2/phupqr/Pandora.repos/Workshop/WorkshopContent/workshopcontent/Algorithms/CMakeFiles/3.14.3/CompilerIdCXX/a.out"

Determining if the C compiler works passed with the following output:
Change Dir: /storage/epp2/phupqr/Pandora.repos/Workshop/WorkshopContent/workshopcontent/Algorithms/CMakeFiles/CMakeTmp

Run Build Command(s):/usr/bin/gmake cmTC_9636d/fast 
/usr/bin/gmake -f CMakeFiles/cmTC_9636d.dir/build.make CMakeFiles/cmTC_9636d.dir/build
gmake[1]: Entering directory `/storage/epp2/phupqr/Pandora.repos/Workshop/WorkshopContent/workshopcontent/Algorithms/CMakeFiles/CMakeTmp'
Building C object CMakeFiles/cmTC_9636d.dir/testCCompiler.c.o
/cvmfs/dune.opensciencegrid.org/products/dune/gcc/v8_2_0/Linux64bit+3.10-2.17/bin/cc    -o CMakeFiles/cmTC_9636d.dir/testCCompiler.c.o   -c /storage/epp2/phupqr/Pandora.repos/Workshop/WorkshopContent/workshopcontent/Algorithms/CMakeFiles/CMakeTmp/testCCompiler.c
Linking C executable cmTC_9636d
/cvmfs/dune.opensciencegrid.org/products/dune/cmake/v3_14_3/Linux64bit+3.10-2.17/bin/cmake -E cmake_link_script CMakeFiles/cmTC_9636d.dir/link.txt --verbose=1
/cvmfs/dune.opensciencegrid.org/products/dune/gcc/v8_2_0/Linux64bit+3.10-2.17/bin/cc      -rdynamic CMakeFiles/cmTC_9636d.dir/testCCompiler.c.o  -o cmTC_9636d 
gmake[1]: Leaving directory `/storage/epp2/phupqr/Pandora.repos/Workshop/WorkshopContent/workshopcontent/Algorithms/CMakeFiles/CMakeTmp'


Detecting C compiler ABI info compiled with the following output:
Change Dir: /storage/epp2/phupqr/Pandora.repos/Workshop/WorkshopContent/workshopcontent/Algorithms/CMakeFiles/CMakeTmp

Run Build Command(s):/usr/bin/gmake cmTC_7069c/fast 
/usr/bin/gmake -f CMakeFiles/cmTC_7069c.dir/build.make CMakeFiles/cmTC_7069c.dir/build
gmake[1]: Entering directory `/storage/epp2/phupqr/Pandora.repos/Workshop/WorkshopContent/workshopcontent/Algorithms/CMakeFiles/CMakeTmp'
Building C object CMakeFiles/cmTC_7069c.dir/CMakeCCompilerABI.c.o
/cvmfs/dune.opensciencegrid.org/products/dune/gcc/v8_2_0/Linux64bit+3.10-2.17/bin/cc   -v -o CMakeFiles/cmTC_7069c.dir/CMakeCCompilerABI.c.o   -c /cvmfs/dune.opensciencegrid.org/products/dune/cmake/v3_14_3/Linux64bit+3.10-2.17/share/cmake-3.14/Modules/CMakeCCompilerABI.c
Using built-in specs.
COLLECT_GCC=/cvmfs/dune.opensciencegrid.org/products/dune/gcc/v8_2_0/Linux64bit+3.10-2.17/bin/cc
Target: x86_64-pc-linux-gnu
Configured with: ./configure --prefix=/home/greenc/work/cet-is/test-products/gcc/v8_2_0/Linux64bit+3.10-2.17 --disable-libgcj --enable-threads=posix --enable-__cxa_atexit --enable-languages=c,c++,fortran,lto --with-system-zlib --enable-libstdcxx-time=rt --enable-stage1-checking=yes --enable-checking=release --enable-plugin --enable-lto
Thread model: posix
gcc version 8.2.0 (GCC) 
COLLECT_GCC_OPTIONS='-v' '-o' 'CMakeFiles/cmTC_7069c.dir/CMakeCCompilerABI.c.o' '-c' '-mtune=generic' '-march=x86-64'
 /cvmfs/dune.opensciencegrid.org/products/dune/gcc/v8_2_0/Linux64bit+3.10-2.17/bin/../libexec/gcc/x86_64-pc-linux-gnu/8.2.0/cc1 -quiet -v -iprefix /cvmfs/dune.opensciencegrid.org/products/dune/gcc/v8_2_0/Linux64bit+3.10-2.17/bin/../lib/gcc/x86_64-pc-linux-gnu/8.2.0/ /cvmfs/dune.opensciencegrid.org/products/dune/cmake/v3_14_3/Linux64bit+3.10-2.17/share/cmake-3.14/Modules/CMakeCCompilerABI.c -quiet -dumpbase CMakeCCompilerABI.c -mtune=generic -march=x86-64 -auxbase-strip CMakeFiles/cmTC_7069c.dir/CMakeCCompilerABI.c.o -version -o /tmp/ccb4DmBL.s
GNU C17 (GCC) version 8.2.0 (x86_64-pc-linux-gnu)
	compiled by GNU C version 8.2.0, GMP version 6.1.2, MPFR version 4.0.1-p11, MPC version 1.1.0, isl version isl-0.18-GMP

GGC heuristics: --param ggc-min-expand=100 --param ggc-min-heapsize=131072
ignoring nonexistent directory "/cvmfs/dune.opensciencegrid.org/products/dune/gcc/v8_2_0/Linux64bit+3.10-2.17/bin/../lib/gcc/x86_64-pc-linux-gnu/8.2.0/../../../../x86_64-pc-linux-gnu/include"
ignoring duplicate directory "/cvmfs/dune.opensciencegrid.org/products/dune/gcc/v8_2_0/Linux64bit+3.10-2.17/bin/../lib/gcc/../../lib/gcc/x86_64-pc-linux-gnu/8.2.0/include"
ignoring duplicate directory "/cvmfs/dune.opensciencegrid.org/products/dune/gcc/v8_2_0/Linux64bit+3.10-2.17/bin/../lib/gcc/../../lib/gcc/x86_64-pc-linux-gnu/8.2.0/include-fixed"
ignoring nonexistent directory "/cvmfs/dune.opensciencegrid.org/products/dune/gcc/v8_2_0/Linux64bit+3.10-2.17/bin/../lib/gcc/../../lib/gcc/x86_64-pc-linux-gnu/8.2.0/../../../../x86_64-pc-linux-gnu/include"
#include "..." search starts here:
#include <...> search starts here:
 /cvmfs/larsoft.opensciencegrid.org/products/tbb/v2019_3/Linux64bit+3.10-2.17-e19-prof/include
 /cvmfs/dune.opensciencegrid.org/products/dune/gcc/v8_2_0/Linux64bit+3.10-2.17/bin/../lib/gcc/x86_64-pc-linux-gnu/8.2.0/include
 /cvmfs/dune.opensciencegrid.org/products/dune/gcc/v8_2_0/Linux64bit+3.10-2.17/bin/../lib/gcc/x86_64-pc-linux-gnu/8.2.0/include-fixed
 /usr/local/include
 /cvmfs/dune.opensciencegrid.org/products/dune/gcc/v8_2_0/Linux64bit+3.10-2.17/bin/../lib/gcc/../../include
 /usr/include
End of search list.
GNU C17 (GCC) version 8.2.0 (x86_64-pc-linux-gnu)
	compiled by GNU C version 8.2.0, GMP version 6.1.2, MPFR version 4.0.1-p11, MPC version 1.1.0, isl version isl-0.18-GMP

GGC heuristics: --param ggc-min-expand=100 --param ggc-min-heapsize=131072
Compiler executable checksum: 6891e462ee02f4c77913638a11a863b7
COLLECT_GCC_OPTIONS='-v' '-o' 'CMakeFiles/cmTC_7069c.dir/CMakeCCompilerABI.c.o' '-c' '-mtune=generic' '-march=x86-64'
 as -v --64 -o CMakeFiles/cmTC_7069c.dir/CMakeCCompilerABI.c.o /tmp/ccb4DmBL.s
GNU assembler version 2.27 (x86_64-redhat-linux) using BFD version version 2.27-43.base.el7_8.1
COMPILER_PATH=/cvmfs/dune.opensciencegrid.org/products/dune/gcc/v8_2_0/Linux64bit+3.10-2.17/bin/../libexec/gcc/x86_64-pc-linux-gnu/8.2.0/:/cvmfs/dune.opensciencegrid.org/products/dune/gcc/v8_2_0/Linux64bit+3.10-2.17/bin/../libexec/gcc/:/cvmfs/dune.opensciencegrid.org/products/dune/gcc/v8_2_0/Linux64bit+3.10-2.17/bin/
LIBRARY_PATH=/cvmfs/dune.opensciencegrid.org/products/dune/gcc/v8_2_0/Linux64bit+3.10-2.17/bin/../lib/gcc/x86_64-pc-linux-gnu/8.2.0/:/cvmfs/dune.opensciencegrid.org/products/dune/gcc/v8_2_0/Linux64bit+3.10-2.17/bin/../lib/gcc/:/cvmfs/dune.opensciencegrid.org/products/dune/gcc/v8_2_0/Linux64bit+3.10-2.17/bin/../lib/gcc/x86_64-pc-linux-gnu/8.2.0/../../../../lib64/:/lib/../lib64/:/usr/lib/../lib64/:/cvmfs/dune.opensciencegrid.org/products/dune/gcc/v8_2_0/Linux64bit+3.10-2.17/bin/../lib/gcc/x86_64-pc-linux-gnu/8.2.0/../../../:/lib/:/usr/lib/
COLLECT_GCC_OPTIONS='-v' '-o' 'CMakeFiles/cmTC_7069c.dir/CMakeCCompilerABI.c.o' '-c' '-mtune=generic' '-march=x86-64'
Linking C executable cmTC_7069c
/cvmfs/dune.opensciencegrid.org/products/dune/cmake/v3_14_3/Linux64bit+3.10-2.17/bin/cmake -E cmake_link_script CMakeFiles/cmTC_7069c.dir/link.txt --verbose=1
/cvmfs/dune.opensciencegrid.org/products/dune/gcc/v8_2_0/Linux64bit+3.10-2.17/bin/cc     -v -rdynamic CMakeFiles/cmTC_7069c.dir/CMakeCCompilerABI.c.o  -o cmTC_7069c 
Using built-in specs.
COLLECT_GCC=/cvmfs/dune.opensciencegrid.org/products/dune/gcc/v8_2_0/Linux64bit+3.10-2.17/bin/cc
COLLECT_LTO_WRAPPER=/cvmfs/dune.opensciencegrid.org/products/dune/gcc/v8_2_0/Linux64bit+3.10-2.17/bin/../libexec/gcc/x86_64-pc-linux-gnu/8.2.0/lto-wrapper
Target: x86_64-pc-linux-gnu
Configured with: ./configure --prefix=/home/greenc/work/cet-is/test-products/gcc/v8_2_0/Linux64bit+3.10-2.17 --disable-libgcj --enable-threads=posix --enable-__cxa_atexit --enable-languages=c,c++,fortran,lto --with-system-zlib --enable-libstdcxx-time=rt --enable-stage1-checking=yes --enable-checking=release --enable-plugin --enable-lto
Thread model: posix
gcc version 8.2.0 (GCC) 
COMPILER_PATH=/cvmfs/dune.opensciencegrid.org/products/dune/gcc/v8_2_0/Linux64bit+3.10-2.17/bin/../libexec/gcc/x86_64-pc-linux-gnu/8.2.0/:/cvmfs/dune.opensciencegrid.org/products/dune/gcc/v8_2_0/Linux64bit+3.10-2.17/bin/../libexec/gcc/:/cvmfs/dune.opensciencegrid.org/products/dune/gcc/v8_2_0/Linux64bit+3.10-2.17/bin/
LIBRARY_PATH=/cvmfs/dune.opensciencegrid.org/products/dune/gcc/v8_2_0/Linux64bit+3.10-2.17/bin/../lib/gcc/x86_64-pc-linux-gnu/8.2.0/:/cvmfs/dune.opensciencegrid.org/products/dune/gcc/v8_2_0/Linux64bit+3.10-2.17/bin/../lib/gcc/:/cvmfs/dune.opensciencegrid.org/products/dune/gcc/v8_2_0/Linux64bit+3.10-2.17/bin/../lib/gcc/x86_64-pc-linux-gnu/8.2.0/../../../../lib64/:/lib/../lib64/:/usr/lib/../lib64/:/cvmfs/dune.opensciencegrid.org/products/dune/gcc/v8_2_0/Linux64bit+3.10-2.17/bin/../lib/gcc/x86_64-pc-linux-gnu/8.2.0/../../../:/lib/:/usr/lib/
COLLECT_GCC_OPTIONS='-v' '-rdynamic' '-o' 'cmTC_7069c' '-mtune=generic' '-march=x86-64'
 /cvmfs/dune.opensciencegrid.org/products/dune/gcc/v8_2_0/Linux64bit+3.10-2.17/bin/../libexec/gcc/x86_64-pc-linux-gnu/8.2.0/collect2 -plugin /cvmfs/dune.opensciencegrid.org/products/dune/gcc/v8_2_0/Linux64bit+3.10-2.17/bin/../libexec/gcc/x86_64-pc-linux-gnu/8.2.0/liblto_plugin.so -plugin-opt=/cvmfs/dune.opensciencegrid.org/products/dune/gcc/v8_2_0/Linux64bit+3.10-2.17/bin/../libexec/gcc/x86_64-pc-linux-gnu/8.2.0/lto-wrapper -plugin-opt=-fresolution=/tmp/ccDSD0XR.res -plugin-opt=-pass-through=-lgcc -plugin-opt=-pass-through=-lgcc_s -plugin-opt=-pass-through=-lc -plugin-opt=-pass-through=-lgcc -plugin-opt=-pass-through=-lgcc_s --eh-frame-hdr -m elf_x86_64 -export-dynamic -dynamic-linker /lib64/ld-linux-x86-64.so.2 -o cmTC_7069c /lib/../lib64/crt1.o /lib/../lib64/crti.o /cvmfs/dune.opensciencegrid.org/products/dune/gcc/v8_2_0/Linux64bit+3.10-2.17/bin/../lib/gcc/x86_64-pc-linux-gnu/8.2.0/crtbegin.o -L/cvmfs/dune.opensciencegrid.org/products/dune/gcc/v8_2_0/Linux64bit+3.10-2.17/bin/../lib/gcc/x86_64-pc-linux-gnu/8.2.0 -L/cvmfs/dune.opensciencegrid.org/products/dune/gcc/v8_2_0/Linux64bit+3.10-2.17/bin/../lib/gcc -L/cvmfs/dune.opensciencegrid.org/products/dune/gcc/v8_2_0/Linux64bit+3.10-2.17/bin/../lib/gcc/x86_64-pc-linux-gnu/8.2.0/../../../../lib64 -L/lib/../lib64 -L/usr/lib/../lib64 -L/cvmfs/dune.opensciencegrid.org/products/dune/gcc/v8_2_0/Linux64bit+3.10-2.17/bin/../lib/gcc/x86_64-pc-linux-gnu/8.2.0/../../.. CMakeFiles/cmTC_7069c.dir/CMakeCCompilerABI.c.o -lgcc --as-needed -lgcc_s --no-as-needed -lc -lgcc --as-needed -lgcc_s --no-as-needed /cvmfs/dune.opensciencegrid.org/products/dune/gcc/v8_2_0/Linux64bit+3.10-2.17/bin/../lib/gcc/x86_64-pc-linux-gnu/8.2.0/crtend.o /lib/../lib64/crtn.o
COLLECT_GCC_OPTIONS='-v' '-rdynamic' '-o' 'cmTC_7069c' '-mtune=generic' '-march=x86-64'
gmake[1]: Leaving directory `/storage/epp2/phupqr/Pandora.repos/Workshop/WorkshopContent/workshopcontent/Algorithms/CMakeFiles/CMakeTmp'


Parsed C implicit include dir info from above output: rv=done
  found start of include info
  found start of implicit include info
    add: [/cvmfs/larsoft.opensciencegrid.org/products/tbb/v2019_3/Linux64bit+3.10-2.17-e19-prof/include]
    add: [/cvmfs/dune.opensciencegrid.org/products/dune/gcc/v8_2_0/Linux64bit+3.10-2.17/bin/../lib/gcc/x86_64-pc-linux-gnu/8.2.0/include]
    add: [/cvmfs/dune.opensciencegrid.org/products/dune/gcc/v8_2_0/Linux64bit+3.10-2.17/bin/../lib/gcc/x86_64-pc-linux-gnu/8.2.0/include-fixed]
    add: [/usr/local/include]
    add: [/cvmfs/dune.opensciencegrid.org/products/dune/gcc/v8_2_0/Linux64bit+3.10-2.17/bin/../lib/gcc/../../include]
    add: [/usr/include]
  end of search list found
  collapse include dir [/cvmfs/larsoft.opensciencegrid.org/products/tbb/v2019_3/Linux64bit+3.10-2.17-e19-prof/include] ==> [/cvmfs/larsoft.opensciencegrid.org/products/tbb/v2019_3/Linux64bit+3.10-2.17-e19-prof/include]
  collapse include dir [/cvmfs/dune.opensciencegrid.org/products/dune/gcc/v8_2_0/Linux64bit+3.10-2.17/bin/../lib/gcc/x86_64-pc-linux-gnu/8.2.0/include] ==> [/cvmfs/dune.opensciencegrid.org/products/dune/gcc/v8_2_0/Linux64bit+3.10-2.17/lib/gcc/x86_64-pc-linux-gnu/8.2.0/include]
  collapse include dir [/cvmfs/dune.opensciencegrid.org/products/dune/gcc/v8_2_0/Linux64bit+3.10-2.17/bin/../lib/gcc/x86_64-pc-linux-gnu/8.2.0/include-fixed] ==> [/cvmfs/dune.opensciencegrid.org/products/dune/gcc/v8_2_0/Linux64bit+3.10-2.17/lib/gcc/x86_64-pc-linux-gnu/8.2.0/include-fixed]
  collapse include dir [/usr/local/include] ==> [/usr/local/include]
  collapse include dir [/cvmfs/dune.opensciencegrid.org/products/dune/gcc/v8_2_0/Linux64bit+3.10-2.17/bin/../lib/gcc/../../include] ==> [/cvmfs/dune.opensciencegrid.org/products/dune/gcc/v8_2_0/Linux64bit+3.10-2.17/include]
  collapse include dir [/usr/include] ==> [/usr/include]
  implicit include dirs: [/cvmfs/larsoft.opensciencegrid.org/products/tbb/v2019_3/Linux64bit+3.10-2.17-e19-prof/include;/cvmfs/dune.opensciencegrid.org/products/dune/gcc/v8_2_0/Linux64bit+3.10-2.17/lib/gcc/x86_64-pc-linux-gnu/8.2.0/include;/cvmfs/dune.opensciencegrid.org/products/dune/gcc/v8_2_0/Linux64bit+3.10-2.17/lib/gcc/x86_64-pc-linux-gnu/8.2.0/include-fixed;/usr/local/include;/cvmfs/dune.opensciencegrid.org/products/dune/gcc/v8_2_0/Linux64bit+3.10-2.17/include;/usr/include]


Parsed C implicit link information from above output:
  link line regex: [^( *|.*[/\])(ld|CMAKE_LINK_STARTFILE-NOTFOUND|([^/\]+-)?ld|collect2)[^/\]*( |$)]
  ignore line: [Change Dir: /storage/epp2/phupqr/Pandora.repos/Workshop/WorkshopContent/workshopcontent/Algorithms/CMakeFiles/CMakeTmp]
  ignore line: []
  ignore line: [Run Build Command(s):/usr/bin/gmake cmTC_7069c/fast ]
  ignore line: [/usr/bin/gmake -f CMakeFiles/cmTC_7069c.dir/build.make CMakeFiles/cmTC_7069c.dir/build]
  ignore line: [gmake[1]: Entering directory `/storage/epp2/phupqr/Pandora.repos/Workshop/WorkshopContent/workshopcontent/Algorithms/CMakeFiles/CMakeTmp']
  ignore line: [Building C object CMakeFiles/cmTC_7069c.dir/CMakeCCompilerABI.c.o]
  ignore line: [/cvmfs/dune.opensciencegrid.org/products/dune/gcc/v8_2_0/Linux64bit+3.10-2.17/bin/cc   -v -o CMakeFiles/cmTC_7069c.dir/CMakeCCompilerABI.c.o   -c /cvmfs/dune.opensciencegrid.org/products/dune/cmake/v3_14_3/Linux64bit+3.10-2.17/share/cmake-3.14/Modules/CMakeCCompilerABI.c]
  ignore line: [Using built-in specs.]
  ignore line: [COLLECT_GCC=/cvmfs/dune.opensciencegrid.org/products/dune/gcc/v8_2_0/Linux64bit+3.10-2.17/bin/cc]
  ignore line: [Target: x86_64-pc-linux-gnu]
  ignore line: [Configured with: ./configure --prefix=/home/greenc/work/cet-is/test-products/gcc/v8_2_0/Linux64bit+3.10-2.17 --disable-libgcj --enable-threads=posix --enable-__cxa_atexit --enable-languages=c,c++,fortran,lto --with-system-zlib --enable-libstdcxx-time=rt --enable-stage1-checking=yes --enable-checking=release --enable-plugin --enable-lto]
  ignore line: [Thread model: posix]
  ignore line: [gcc version 8.2.0 (GCC) ]
  ignore line: [COLLECT_GCC_OPTIONS='-v' '-o' 'CMakeFiles/cmTC_7069c.dir/CMakeCCompilerABI.c.o' '-c' '-mtune=generic' '-march=x86-64']
  ignore line: [ /cvmfs/dune.opensciencegrid.org/products/dune/gcc/v8_2_0/Linux64bit+3.10-2.17/bin/../libexec/gcc/x86_64-pc-linux-gnu/8.2.0/cc1 -quiet -v -iprefix /cvmfs/dune.opensciencegrid.org/products/dune/gcc/v8_2_0/Linux64bit+3.10-2.17/bin/../lib/gcc/x86_64-pc-linux-gnu/8.2.0/ /cvmfs/dune.opensciencegrid.org/products/dune/cmake/v3_14_3/Linux64bit+3.10-2.17/share/cmake-3.14/Modules/CMakeCCompilerABI.c -quiet -dumpbase CMakeCCompilerABI.c -mtune=generic -march=x86-64 -auxbase-strip CMakeFiles/cmTC_7069c.dir/CMakeCCompilerABI.c.o -version -o /tmp/ccb4DmBL.s]
  ignore line: [GNU C17 (GCC) version 8.2.0 (x86_64-pc-linux-gnu)]
  ignore line: [	compiled by GNU C version 8.2.0, GMP version 6.1.2, MPFR version 4.0.1-p11, MPC version 1.1.0, isl version isl-0.18-GMP]
  ignore line: []
  ignore line: [GGC heuristics: --param ggc-min-expand=100 --param ggc-min-heapsize=131072]
  ignore line: [ignoring nonexistent directory "/cvmfs/dune.opensciencegrid.org/products/dune/gcc/v8_2_0/Linux64bit+3.10-2.17/bin/../lib/gcc/x86_64-pc-linux-gnu/8.2.0/../../../../x86_64-pc-linux-gnu/include"]
  ignore line: [ignoring duplicate directory "/cvmfs/dune.opensciencegrid.org/products/dune/gcc/v8_2_0/Linux64bit+3.10-2.17/bin/../lib/gcc/../../lib/gcc/x86_64-pc-linux-gnu/8.2.0/include"]
  ignore line: [ignoring duplicate directory "/cvmfs/dune.opensciencegrid.org/products/dune/gcc/v8_2_0/Linux64bit+3.10-2.17/bin/../lib/gcc/../../lib/gcc/x86_64-pc-linux-gnu/8.2.0/include-fixed"]
  ignore line: [ignoring nonexistent directory "/cvmfs/dune.opensciencegrid.org/products/dune/gcc/v8_2_0/Linux64bit+3.10-2.17/bin/../lib/gcc/../../lib/gcc/x86_64-pc-linux-gnu/8.2.0/../../../../x86_64-pc-linux-gnu/include"]
  ignore line: [#include "..." search starts here:]
  ignore line: [#include <...> search starts here:]
  ignore line: [ /cvmfs/larsoft.opensciencegrid.org/products/tbb/v2019_3/Linux64bit+3.10-2.17-e19-prof/include]
  ignore line: [ /cvmfs/dune.opensciencegrid.org/products/dune/gcc/v8_2_0/Linux64bit+3.10-2.17/bin/../lib/gcc/x86_64-pc-linux-gnu/8.2.0/include]
  ignore line: [ /cvmfs/dune.opensciencegrid.org/products/dune/gcc/v8_2_0/Linux64bit+3.10-2.17/bin/../lib/gcc/x86_64-pc-linux-gnu/8.2.0/include-fixed]
  ignore line: [ /usr/local/include]
  ignore line: [ /cvmfs/dune.opensciencegrid.org/products/dune/gcc/v8_2_0/Linux64bit+3.10-2.17/bin/../lib/gcc/../../include]
  ignore line: [ /usr/include]
  ignore line: [End of search list.]
  ignore line: [GNU C17 (GCC) version 8.2.0 (x86_64-pc-linux-gnu)]
  ignore line: [	compiled by GNU C version 8.2.0, GMP version 6.1.2, MPFR version 4.0.1-p11, MPC version 1.1.0, isl version isl-0.18-GMP]
  ignore line: []
  ignore line: [GGC heuristics: --param ggc-min-expand=100 --param ggc-min-heapsize=131072]
  ignore line: [Compiler executable checksum: 6891e462ee02f4c77913638a11a863b7]
  ignore line: [COLLECT_GCC_OPTIONS='-v' '-o' 'CMakeFiles/cmTC_7069c.dir/CMakeCCompilerABI.c.o' '-c' '-mtune=generic' '-march=x86-64']
  ignore line: [ as -v --64 -o CMakeFiles/cmTC_7069c.dir/CMakeCCompilerABI.c.o /tmp/ccb4DmBL.s]
  ignore line: [GNU assembler version 2.27 (x86_64-redhat-linux) using BFD version version 2.27-43.base.el7_8.1]
  ignore line: [COMPILER_PATH=/cvmfs/dune.opensciencegrid.org/products/dune/gcc/v8_2_0/Linux64bit+3.10-2.17/bin/../libexec/gcc/x86_64-pc-linux-gnu/8.2.0/:/cvmfs/dune.opensciencegrid.org/products/dune/gcc/v8_2_0/Linux64bit+3.10-2.17/bin/../libexec/gcc/:/cvmfs/dune.opensciencegrid.org/products/dune/gcc/v8_2_0/Linux64bit+3.10-2.17/bin/]
  ignore line: [LIBRARY_PATH=/cvmfs/dune.opensciencegrid.org/products/dune/gcc/v8_2_0/Linux64bit+3.10-2.17/bin/../lib/gcc/x86_64-pc-linux-gnu/8.2.0/:/cvmfs/dune.opensciencegrid.org/products/dune/gcc/v8_2_0/Linux64bit+3.10-2.17/bin/../lib/gcc/:/cvmfs/dune.opensciencegrid.org/products/dune/gcc/v8_2_0/Linux64bit+3.10-2.17/bin/../lib/gcc/x86_64-pc-linux-gnu/8.2.0/../../../../lib64/:/lib/../lib64/:/usr/lib/../lib64/:/cvmfs/dune.opensciencegrid.org/products/dune/gcc/v8_2_0/Linux64bit+3.10-2.17/bin/../lib/gcc/x86_64-pc-linux-gnu/8.2.0/../../../:/lib/:/usr/lib/]
  ignore line: [COLLECT_GCC_OPTIONS='-v' '-o' 'CMakeFiles/cmTC_7069c.dir/CMakeCCompilerABI.c.o' '-c' '-mtune=generic' '-march=x86-64']
  ignore line: [Linking C executable cmTC_7069c]
  ignore line: [/cvmfs/dune.opensciencegrid.org/products/dune/cmake/v3_14_3/Linux64bit+3.10-2.17/bin/cmake -E cmake_link_script CMakeFiles/cmTC_7069c.dir/link.txt --verbose=1]
  ignore line: [/cvmfs/dune.opensciencegrid.org/products/dune/gcc/v8_2_0/Linux64bit+3.10-2.17/bin/cc     -v -rdynamic CMakeFiles/cmTC_7069c.dir/CMakeCCompilerABI.c.o  -o cmTC_7069c ]
  ignore line: [Using built-in specs.]
  ignore line: [COLLECT_GCC=/cvmfs/dune.opensciencegrid.org/products/dune/gcc/v8_2_0/Linux64bit+3.10-2.17/bin/cc]
  ignore line: [COLLECT_LTO_WRAPPER=/cvmfs/dune.opensciencegrid.org/products/dune/gcc/v8_2_0/Linux64bit+3.10-2.17/bin/../libexec/gcc/x86_64-pc-linux-gnu/8.2.0/lto-wrapper]
  ignore line: [Target: x86_64-pc-linux-gnu]
  ignore line: [Configured with: ./configure --prefix=/home/greenc/work/cet-is/test-products/gcc/v8_2_0/Linux64bit+3.10-2.17 --disable-libgcj --enable-threads=posix --enable-__cxa_atexit --enable-languages=c,c++,fortran,lto --with-system-zlib --enable-libstdcxx-time=rt --enable-stage1-checking=yes --enable-checking=release --enable-plugin --enable-lto]
  ignore line: [Thread model: posix]
  ignore line: [gcc version 8.2.0 (GCC) ]
  ignore line: [COMPILER_PATH=/cvmfs/dune.opensciencegrid.org/products/dune/gcc/v8_2_0/Linux64bit+3.10-2.17/bin/../libexec/gcc/x86_64-pc-linux-gnu/8.2.0/:/cvmfs/dune.opensciencegrid.org/products/dune/gcc/v8_2_0/Linux64bit+3.10-2.17/bin/../libexec/gcc/:/cvmfs/dune.opensciencegrid.org/products/dune/gcc/v8_2_0/Linux64bit+3.10-2.17/bin/]
  ignore line: [LIBRARY_PATH=/cvmfs/dune.opensciencegrid.org/products/dune/gcc/v8_2_0/Linux64bit+3.10-2.17/bin/../lib/gcc/x86_64-pc-linux-gnu/8.2.0/:/cvmfs/dune.opensciencegrid.org/products/dune/gcc/v8_2_0/Linux64bit+3.10-2.17/bin/../lib/gcc/:/cvmfs/dune.opensciencegrid.org/products/dune/gcc/v8_2_0/Linux64bit+3.10-2.17/bin/../lib/gcc/x86_64-pc-linux-gnu/8.2.0/../../../../lib64/:/lib/../lib64/:/usr/lib/../lib64/:/cvmfs/dune.opensciencegrid.org/products/dune/gcc/v8_2_0/Linux64bit+3.10-2.17/bin/../lib/gcc/x86_64-pc-linux-gnu/8.2.0/../../../:/lib/:/usr/lib/]
  ignore line: [COLLECT_GCC_OPTIONS='-v' '-rdynamic' '-o' 'cmTC_7069c' '-mtune=generic' '-march=x86-64']
  link line: [ /cvmfs/dune.opensciencegrid.org/products/dune/gcc/v8_2_0/Linux64bit+3.10-2.17/bin/../libexec/gcc/x86_64-pc-linux-gnu/8.2.0/collect2 -plugin /cvmfs/dune.opensciencegrid.org/products/dune/gcc/v8_2_0/Linux64bit+3.10-2.17/bin/../libexec/gcc/x86_64-pc-linux-gnu/8.2.0/liblto_plugin.so -plugin-opt=/cvmfs/dune.opensciencegrid.org/products/dune/gcc/v8_2_0/Linux64bit+3.10-2.17/bin/../libexec/gcc/x86_64-pc-linux-gnu/8.2.0/lto-wrapper -plugin-opt=-fresolution=/tmp/ccDSD0XR.res -plugin-opt=-pass-through=-lgcc -plugin-opt=-pass-through=-lgcc_s -plugin-opt=-pass-through=-lc -plugin-opt=-pass-through=-lgcc -plugin-opt=-pass-through=-lgcc_s --eh-frame-hdr -m elf_x86_64 -export-dynamic -dynamic-linker /lib64/ld-linux-x86-64.so.2 -o cmTC_7069c /lib/../lib64/crt1.o /lib/../lib64/crti.o /cvmfs/dune.opensciencegrid.org/products/dune/gcc/v8_2_0/Linux64bit+3.10-2.17/bin/../lib/gcc/x86_64-pc-linux-gnu/8.2.0/crtbegin.o -L/cvmfs/dune.opensciencegrid.org/products/dune/gcc/v8_2_0/Linux64bit+3.10-2.17/bin/../lib/gcc/x86_64-pc-linux-gnu/8.2.0 -L/cvmfs/dune.opensciencegrid.org/products/dune/gcc/v8_2_0/Linux64bit+3.10-2.17/bin/../lib/gcc -L/cvmfs/dune.opensciencegrid.org/products/dune/gcc/v8_2_0/Linux64bit+3.10-2.17/bin/../lib/gcc/x86_64-pc-linux-gnu/8.2.0/../../../../lib64 -L/lib/../lib64 -L/usr/lib/../lib64 -L/cvmfs/dune.opensciencegrid.org/products/dune/gcc/v8_2_0/Linux64bit+3.10-2.17/bin/../lib/gcc/x86_64-pc-linux-gnu/8.2.0/../../.. CMakeFiles/cmTC_7069c.dir/CMakeCCompilerABI.c.o -lgcc --as-needed -lgcc_s --no-as-needed -lc -lgcc --as-needed -lgcc_s --no-as-needed /cvmfs/dune.opensciencegrid.org/products/dune/gcc/v8_2_0/Linux64bit+3.10-2.17/bin/../lib/gcc/x86_64-pc-linux-gnu/8.2.0/crtend.o /lib/../lib64/crtn.o]
    arg [/cvmfs/dune.opensciencegrid.org/products/dune/gcc/v8_2_0/Linux64bit+3.10-2.17/bin/../libexec/gcc/x86_64-pc-linux-gnu/8.2.0/collect2] ==> ignore
    arg [-plugin] ==> ignore
    arg [/cvmfs/dune.opensciencegrid.org/products/dune/gcc/v8_2_0/Linux64bit+3.10-2.17/bin/../libexec/gcc/x86_64-pc-linux-gnu/8.2.0/liblto_plugin.so] ==> ignore
    arg [-plugin-opt=/cvmfs/dune.opensciencegrid.org/products/dune/gcc/v8_2_0/Linux64bit+3.10-2.17/bin/../libexec/gcc/x86_64-pc-linux-gnu/8.2.0/lto-wrapper] ==> ignore
    arg [-plugin-opt=-fresolution=/tmp/ccDSD0XR.res] ==> ignore
    arg [-plugin-opt=-pass-through=-lgcc] ==> ignore
    arg [-plugin-opt=-pass-through=-lgcc_s] ==> ignore
    arg [-plugin-opt=-pass-through=-lc] ==> ignore
    arg [-plugin-opt=-pass-through=-lgcc] ==> ignore
    arg [-plugin-opt=-pass-through=-lgcc_s] ==> ignore
    arg [--eh-frame-hdr] ==> ignore
    arg [-m] ==> ignore
    arg [elf_x86_64] ==> ignore
    arg [-export-dynamic] ==> ignore
    arg [-dynamic-linker] ==> ignore
    arg [/lib64/ld-linux-x86-64.so.2] ==> ignore
    arg [-o] ==> ignore
    arg [cmTC_7069c] ==> ignore
    arg [/lib/../lib64/crt1.o] ==> ignore
    arg [/lib/../lib64/crti.o] ==> ignore
    arg [/cvmfs/dune.opensciencegrid.org/products/dune/gcc/v8_2_0/Linux64bit+3.10-2.17/bin/../lib/gcc/x86_64-pc-linux-gnu/8.2.0/crtbegin.o] ==> ignore
    arg [-L/cvmfs/dune.opensciencegrid.org/products/dune/gcc/v8_2_0/Linux64bit+3.10-2.17/bin/../lib/gcc/x86_64-pc-linux-gnu/8.2.0] ==> dir [/cvmfs/dune.opensciencegrid.org/products/dune/gcc/v8_2_0/Linux64bit+3.10-2.17/bin/../lib/gcc/x86_64-pc-linux-gnu/8.2.0]
    arg [-L/cvmfs/dune.opensciencegrid.org/products/dune/gcc/v8_2_0/Linux64bit+3.10-2.17/bin/../lib/gcc] ==> dir [/cvmfs/dune.opensciencegrid.org/products/dune/gcc/v8_2_0/Linux64bit+3.10-2.17/bin/../lib/gcc]
    arg [-L/cvmfs/dune.opensciencegrid.org/products/dune/gcc/v8_2_0/Linux64bit+3.10-2.17/bin/../lib/gcc/x86_64-pc-linux-gnu/8.2.0/../../../../lib64] ==> dir [/cvmfs/dune.opensciencegrid.org/products/dune/gcc/v8_2_0/Linux64bit+3.10-2.17/bin/../lib/gcc/x86_64-pc-linux-gnu/8.2.0/../../../../lib64]
    arg [-L/lib/../lib64] ==> dir [/lib/../lib64]
    arg [-L/usr/lib/../lib64] ==> dir [/usr/lib/../lib64]
    arg [-L/cvmfs/dune.opensciencegrid.org/products/dune/gcc/v8_2_0/Linux64bit+3.10-2.17/bin/../lib/gcc/x86_64-pc-linux-gnu/8.2.0/../../..] ==> dir [/cvmfs/dune.opensciencegrid.org/products/dune/gcc/v8_2_0/Linux64bit+3.10-2.17/bin/../lib/gcc/x86_64-pc-linux-gnu/8.2.0/../../..]
    arg [CMakeFiles/cmTC_7069c.dir/CMakeCCompilerABI.c.o] ==> ignore
    arg [-lgcc] ==> lib [gcc]
    arg [--as-needed] ==> ignore
    arg [-lgcc_s] ==> lib [gcc_s]
    arg [--no-as-needed] ==> ignore
    arg [-lc] ==> lib [c]
    arg [-lgcc] ==> lib [gcc]
    arg [--as-needed] ==> ignore
    arg [-lgcc_s] ==> lib [gcc_s]
    arg [--no-as-needed] ==> ignore
    arg [/cvmfs/dune.opensciencegrid.org/products/dune/gcc/v8_2_0/Linux64bit+3.10-2.17/bin/../lib/gcc/x86_64-pc-linux-gnu/8.2.0/crtend.o] ==> ignore
    arg [/lib/../lib64/crtn.o] ==> ignore
  collapse library dir [/cvmfs/dune.opensciencegrid.org/products/dune/gcc/v8_2_0/Linux64bit+3.10-2.17/bin/../lib/gcc/x86_64-pc-linux-gnu/8.2.0] ==> [/cvmfs/dune.opensciencegrid.org/products/dune/gcc/v8_2_0/Linux64bit+3.10-2.17/lib/gcc/x86_64-pc-linux-gnu/8.2.0]
  collapse library dir [/cvmfs/dune.opensciencegrid.org/products/dune/gcc/v8_2_0/Linux64bit+3.10-2.17/bin/../lib/gcc] ==> [/cvmfs/dune.opensciencegrid.org/products/dune/gcc/v8_2_0/Linux64bit+3.10-2.17/lib/gcc]
  collapse library dir [/cvmfs/dune.opensciencegrid.org/products/dune/gcc/v8_2_0/Linux64bit+3.10-2.17/bin/../lib/gcc/x86_64-pc-linux-gnu/8.2.0/../../../../lib64] ==> [/cvmfs/dune.opensciencegrid.org/products/dune/gcc/v8_2_0/Linux64bit+3.10-2.17/lib64]
  collapse library dir [/lib/../lib64] ==> [/lib64]
  collapse library dir [/usr/lib/../lib64] ==> [/usr/lib64]
  collapse library dir [/cvmfs/dune.opensciencegrid.org/products/dune/gcc/v8_2_0/Linux64bit+3.10-2.17/bin/../lib/gcc/x86_64-pc-linux-gnu/8.2.0/../../..] ==> [/cvmfs/dune.opensciencegrid.org/products/dune/gcc/v8_2_0/Linux64bit+3.10-2.17/lib]
  implicit libs: [gcc;gcc_s;c;gcc;gcc_s]
  implicit dirs: [/cvmfs/dune.opensciencegrid.org/products/dune/gcc/v8_2_0/Linux64bit+3.10-2.17/lib/gcc/x86_64-pc-linux-gnu/8.2.0;/cvmfs/dune.opensciencegrid.org/products/dune/gcc/v8_2_0/Linux64bit+3.10-2.17/lib/gcc;/cvmfs/dune.opensciencegrid.org/products/dune/gcc/v8_2_0/Linux64bit+3.10-2.17/lib64;/lib64;/usr/lib64;/cvmfs/dune.opensciencegrid.org/products/dune/gcc/v8_2_0/Linux64bit+3.10-2.17/lib]
  implicit fwks: []




Detecting C [-std=c11] compiler features compiled with the following output:
Change Dir: /storage/epp2/phupqr/Pandora.repos/Workshop/WorkshopContent/workshopcontent/Algorithms/CMakeFiles/CMakeTmp

Run Build Command(s):/usr/bin/gmake cmTC_8056d/fast 
/usr/bin/gmake -f CMakeFiles/cmTC_8056d.dir/build.make CMakeFiles/cmTC_8056d.dir/build
gmake[1]: Entering directory `/storage/epp2/phupqr/Pandora.repos/Workshop/WorkshopContent/workshopcontent/Algorithms/CMakeFiles/CMakeTmp'
Building C object CMakeFiles/cmTC_8056d.dir/feature_tests.c.o
/cvmfs/dune.opensciencegrid.org/products/dune/gcc/v8_2_0/Linux64bit+3.10-2.17/bin/cc   -std=c11 -o CMakeFiles/cmTC_8056d.dir/feature_tests.c.o   -c /storage/epp2/phupqr/Pandora.repos/Workshop/WorkshopContent/workshopcontent/Algorithms/CMakeFiles/feature_tests.c
Linking C executable cmTC_8056d
/cvmfs/dune.opensciencegrid.org/products/dune/cmake/v3_14_3/Linux64bit+3.10-2.17/bin/cmake -E cmake_link_script CMakeFiles/cmTC_8056d.dir/link.txt --verbose=1
/cvmfs/dune.opensciencegrid.org/products/dune/gcc/v8_2_0/Linux64bit+3.10-2.17/bin/cc      -rdynamic CMakeFiles/cmTC_8056d.dir/feature_tests.c.o  -o cmTC_8056d 
gmake[1]: Leaving directory `/storage/epp2/phupqr/Pandora.repos/Workshop/WorkshopContent/workshopcontent/Algorithms/CMakeFiles/CMakeTmp'


    Feature record: C_FEATURE:1c_function_prototypes
    Feature record: C_FEATURE:1c_restrict
    Feature record: C_FEATURE:1c_static_assert
    Feature record: C_FEATURE:1c_variadic_macros


Detecting C [-std=c99] compiler features compiled with the following output:
Change Dir: /storage/epp2/phupqr/Pandora.repos/Workshop/WorkshopContent/workshopcontent/Algorithms/CMakeFiles/CMakeTmp

Run Build Command(s):/usr/bin/gmake cmTC_4ea0f/fast 
/usr/bin/gmake -f CMakeFiles/cmTC_4ea0f.dir/build.make CMakeFiles/cmTC_4ea0f.dir/build
gmake[1]: Entering directory `/storage/epp2/phupqr/Pandora.repos/Workshop/WorkshopContent/workshopcontent/Algorithms/CMakeFiles/CMakeTmp'
Building C object CMakeFiles/cmTC_4ea0f.dir/feature_tests.c.o
/cvmfs/dune.opensciencegrid.org/products/dune/gcc/v8_2_0/Linux64bit+3.10-2.17/bin/cc   -std=c99 -o CMakeFiles/cmTC_4ea0f.dir/feature_tests.c.o   -c /storage/epp2/phupqr/Pandora.repos/Workshop/WorkshopContent/workshopcontent/Algorithms/CMakeFiles/feature_tests.c
Linking C executable cmTC_4ea0f
/cvmfs/dune.opensciencegrid.org/products/dune/cmake/v3_14_3/Linux64bit+3.10-2.17/bin/cmake -E cmake_link_script CMakeFiles/cmTC_4ea0f.dir/link.txt --verbose=1
/cvmfs/dune.opensciencegrid.org/products/dune/gcc/v8_2_0/Linux64bit+3.10-2.17/bin/cc      -rdynamic CMakeFiles/cmTC_4ea0f.dir/feature_tests.c.o  -o cmTC_4ea0f 
gmake[1]: Leaving directory `/storage/epp2/phupqr/Pandora.repos/Workshop/WorkshopContent/workshopcontent/Algorithms/CMakeFiles/CMakeTmp'


    Feature record: C_FEATURE:1c_function_prototypes
    Feature record: C_FEATURE:1c_restrict
    Feature record: C_FEATURE:0c_static_assert
    Feature record: C_FEATURE:1c_variadic_macros


Detecting C [-std=c90] compiler features compiled with the following output:
Change Dir: /storage/epp2/phupqr/Pandora.repos/Workshop/WorkshopContent/workshopcontent/Algorithms/CMakeFiles/CMakeTmp

Run Build Command(s):/usr/bin/gmake cmTC_bad8c/fast 
/usr/bin/gmake -f CMakeFiles/cmTC_bad8c.dir/build.make CMakeFiles/cmTC_bad8c.dir/build
gmake[1]: Entering directory `/storage/epp2/phupqr/Pandora.repos/Workshop/WorkshopContent/workshopcontent/Algorithms/CMakeFiles/CMakeTmp'
Building C object CMakeFiles/cmTC_bad8c.dir/feature_tests.c.o
/cvmfs/dune.opensciencegrid.org/products/dune/gcc/v8_2_0/Linux64bit+3.10-2.17/bin/cc   -std=c90 -o CMakeFiles/cmTC_bad8c.dir/feature_tests.c.o   -c /storage/epp2/phupqr/Pandora.repos/Workshop/WorkshopContent/workshopcontent/Algorithms/CMakeFiles/feature_tests.c
Linking C executable cmTC_bad8c
/cvmfs/dune.opensciencegrid.org/products/dune/cmake/v3_14_3/Linux64bit+3.10-2.17/bin/cmake -E cmake_link_script CMakeFiles/cmTC_bad8c.dir/link.txt --verbose=1
/cvmfs/dune.opensciencegrid.org/products/dune/gcc/v8_2_0/Linux64bit+3.10-2.17/bin/cc      -rdynamic CMakeFiles/cmTC_bad8c.dir/feature_tests.c.o  -o cmTC_bad8c 
gmake[1]: Leaving directory `/storage/epp2/phupqr/Pandora.repos/Workshop/WorkshopContent/workshopcontent/Algorithms/CMakeFiles/CMakeTmp'


    Feature record: C_FEATURE:1c_function_prototypes
    Feature record: C_FEATURE:0c_restrict
    Feature record: C_FEATURE:0c_static_assert
    Feature record: C_FEATURE:0c_variadic_macros
Determining if the CXX compiler works passed with the following output:
Change Dir: /storage/epp2/phupqr/Pandora.repos/Workshop/WorkshopContent/workshopcontent/Algorithms/CMakeFiles/CMakeTmp

Run Build Command(s):/usr/bin/gmake cmTC_eccac/fast 
/usr/bin/gmake -f CMakeFiles/cmTC_eccac.dir/build.make CMakeFiles/cmTC_eccac.dir/build
gmake[1]: Entering directory `/storage/epp2/phupqr/Pandora.repos/Workshop/WorkshopContent/workshopcontent/Algorithms/CMakeFiles/CMakeTmp'
Building CXX object CMakeFiles/cmTC_eccac.dir/testCXXCompiler.cxx.o
/cvmfs/dune.opensciencegrid.org/products/dune/gcc/v8_2_0/Linux64bit+3.10-2.17/bin/c++     -o CMakeFiles/cmTC_eccac.dir/testCXXCompiler.cxx.o -c /storage/epp2/phupqr/Pandora.repos/Workshop/WorkshopContent/workshopcontent/Algorithms/CMakeFiles/CMakeTmp/testCXXCompiler.cxx
Linking CXX executable cmTC_eccac
/cvmfs/dune.opensciencegrid.org/products/dune/cmake/v3_14_3/Linux64bit+3.10-2.17/bin/cmake -E cmake_link_script CMakeFiles/cmTC_eccac.dir/link.txt --verbose=1
/cvmfs/dune.opensciencegrid.org/products/dune/gcc/v8_2_0/Linux64bit+3.10-2.17/bin/c++       -rdynamic CMakeFiles/cmTC_eccac.dir/testCXXCompiler.cxx.o  -o cmTC_eccac 
gmake[1]: Leaving directory `/storage/epp2/phupqr/Pandora.repos/Workshop/WorkshopContent/workshopcontent/Algorithms/CMakeFiles/CMakeTmp'


Detecting CXX compiler ABI info compiled with the following output:
Change Dir: /storage/epp2/phupqr/Pandora.repos/Workshop/WorkshopContent/workshopcontent/Algorithms/CMakeFiles/CMakeTmp

Run Build Command(s):/usr/bin/gmake cmTC_51215/fast 
/usr/bin/gmake -f CMakeFiles/cmTC_51215.dir/build.make CMakeFiles/cmTC_51215.dir/build
gmake[1]: Entering directory `/storage/epp2/phupqr/Pandora.repos/Workshop/WorkshopContent/workshopcontent/Algorithms/CMakeFiles/CMakeTmp'
Building CXX object CMakeFiles/cmTC_51215.dir/CMakeCXXCompilerABI.cpp.o
/cvmfs/dune.opensciencegrid.org/products/dune/gcc/v8_2_0/Linux64bit+3.10-2.17/bin/c++    -v -o CMakeFiles/cmTC_51215.dir/CMakeCXXCompilerABI.cpp.o -c /cvmfs/dune.opensciencegrid.org/products/dune/cmake/v3_14_3/Linux64bit+3.10-2.17/share/cmake-3.14/Modules/CMakeCXXCompilerABI.cpp
Using built-in specs.
COLLECT_GCC=/cvmfs/dune.opensciencegrid.org/products/dune/gcc/v8_2_0/Linux64bit+3.10-2.17/bin/c++
Target: x86_64-pc-linux-gnu
Configured with: ./configure --prefix=/home/greenc/work/cet-is/test-products/gcc/v8_2_0/Linux64bit+3.10-2.17 --disable-libgcj --enable-threads=posix --enable-__cxa_atexit --enable-languages=c,c++,fortran,lto --with-system-zlib --enable-libstdcxx-time=rt --enable-stage1-checking=yes --enable-checking=release --enable-plugin --enable-lto
Thread model: posix
gcc version 8.2.0 (GCC) 
COLLECT_GCC_OPTIONS='-v' '-o' 'CMakeFiles/cmTC_51215.dir/CMakeCXXCompilerABI.cpp.o' '-c' '-shared-libgcc' '-mtune=generic' '-march=x86-64'
 /cvmfs/dune.opensciencegrid.org/products/dune/gcc/v8_2_0/Linux64bit+3.10-2.17/bin/../libexec/gcc/x86_64-pc-linux-gnu/8.2.0/cc1plus -quiet -v -iprefix /cvmfs/dune.opensciencegrid.org/products/dune/gcc/v8_2_0/Linux64bit+3.10-2.17/bin/../lib/gcc/x86_64-pc-linux-gnu/8.2.0/ -D_GNU_SOURCE /cvmfs/dune.opensciencegrid.org/products/dune/cmake/v3_14_3/Linux64bit+3.10-2.17/share/cmake-3.14/Modules/CMakeCXXCompilerABI.cpp -quiet -dumpbase CMakeCXXCompilerABI.cpp -mtune=generic -march=x86-64 -auxbase-strip CMakeFiles/cmTC_51215.dir/CMakeCXXCompilerABI.cpp.o -version -o /tmp/cc2RjveS.s
GNU C++14 (GCC) version 8.2.0 (x86_64-pc-linux-gnu)
	compiled by GNU C version 8.2.0, GMP version 6.1.2, MPFR version 4.0.1-p11, MPC version 1.1.0, isl version isl-0.18-GMP

GGC heuristics: --param ggc-min-expand=100 --param ggc-min-heapsize=131072
ignoring nonexistent directory "/cvmfs/dune.opensciencegrid.org/products/dune/gcc/v8_2_0/Linux64bit+3.10-2.17/bin/../lib/gcc/x86_64-pc-linux-gnu/8.2.0/../../../../x86_64-pc-linux-gnu/include"
ignoring duplicate directory "/cvmfs/dune.opensciencegrid.org/products/dune/gcc/v8_2_0/Linux64bit+3.10-2.17/bin/../lib/gcc/../../lib/gcc/x86_64-pc-linux-gnu/8.2.0/../../../../include/c++/8.2.0"
ignoring duplicate directory "/cvmfs/dune.opensciencegrid.org/products/dune/gcc/v8_2_0/Linux64bit+3.10-2.17/bin/../lib/gcc/../../lib/gcc/x86_64-pc-linux-gnu/8.2.0/../../../../include/c++/8.2.0/x86_64-pc-linux-gnu"
ignoring duplicate directory "/cvmfs/dune.opensciencegrid.org/products/dune/gcc/v8_2_0/Linux64bit+3.10-2.17/bin/../lib/gcc/../../lib/gcc/x86_64-pc-linux-gnu/8.2.0/../../../../include/c++/8.2.0/backward"
ignoring duplicate directory "/cvmfs/dune.opensciencegrid.org/products/dune/gcc/v8_2_0/Linux64bit+3.10-2.17/bin/../lib/gcc/../../lib/gcc/x86_64-pc-linux-gnu/8.2.0/include"
ignoring duplicate directory "/cvmfs/dune.opensciencegrid.org/products/dune/gcc/v8_2_0/Linux64bit+3.10-2.17/bin/../lib/gcc/../../lib/gcc/x86_64-pc-linux-gnu/8.2.0/include-fixed"
ignoring nonexistent directory "/cvmfs/dune.opensciencegrid.org/products/dune/gcc/v8_2_0/Linux64bit+3.10-2.17/bin/../lib/gcc/../../lib/gcc/x86_64-pc-linux-gnu/8.2.0/../../../../x86_64-pc-linux-gnu/include"
#include "..." search starts here:
#include <...> search starts here:
 /cvmfs/larsoft.opensciencegrid.org/products/tbb/v2019_3/Linux64bit+3.10-2.17-e19-prof/include
 /cvmfs/dune.opensciencegrid.org/products/dune/gcc/v8_2_0/Linux64bit+3.10-2.17/bin/../lib/gcc/x86_64-pc-linux-gnu/8.2.0/../../../../include/c++/8.2.0
 /cvmfs/dune.opensciencegrid.org/products/dune/gcc/v8_2_0/Linux64bit+3.10-2.17/bin/../lib/gcc/x86_64-pc-linux-gnu/8.2.0/../../../../include/c++/8.2.0/x86_64-pc-linux-gnu
 /cvmfs/dune.opensciencegrid.org/products/dune/gcc/v8_2_0/Linux64bit+3.10-2.17/bin/../lib/gcc/x86_64-pc-linux-gnu/8.2.0/../../../../include/c++/8.2.0/backward
 /cvmfs/dune.opensciencegrid.org/products/dune/gcc/v8_2_0/Linux64bit+3.10-2.17/bin/../lib/gcc/x86_64-pc-linux-gnu/8.2.0/include
 /cvmfs/dune.opensciencegrid.org/products/dune/gcc/v8_2_0/Linux64bit+3.10-2.17/bin/../lib/gcc/x86_64-pc-linux-gnu/8.2.0/include-fixed
 /usr/local/include
 /cvmfs/dune.opensciencegrid.org/products/dune/gcc/v8_2_0/Linux64bit+3.10-2.17/bin/../lib/gcc/../../include
 /usr/include
End of search list.
GNU C++14 (GCC) version 8.2.0 (x86_64-pc-linux-gnu)
	compiled by GNU C version 8.2.0, GMP version 6.1.2, MPFR version 4.0.1-p11, MPC version 1.1.0, isl version isl-0.18-GMP

GGC heuristics: --param ggc-min-expand=100 --param ggc-min-heapsize=131072
Compiler executable checksum: f2ca26f0533d8f2d0f0d6881403ce0e7
COLLECT_GCC_OPTIONS='-v' '-o' 'CMakeFiles/cmTC_51215.dir/CMakeCXXCompilerABI.cpp.o' '-c' '-shared-libgcc' '-mtune=generic' '-march=x86-64'
 as -v --64 -o CMakeFiles/cmTC_51215.dir/CMakeCXXCompilerABI.cpp.o /tmp/cc2RjveS.s
GNU assembler version 2.27 (x86_64-redhat-linux) using BFD version version 2.27-43.base.el7_8.1
COMPILER_PATH=/cvmfs/dune.opensciencegrid.org/products/dune/gcc/v8_2_0/Linux64bit+3.10-2.17/bin/../libexec/gcc/x86_64-pc-linux-gnu/8.2.0/:/cvmfs/dune.opensciencegrid.org/products/dune/gcc/v8_2_0/Linux64bit+3.10-2.17/bin/../libexec/gcc/:/cvmfs/dune.opensciencegrid.org/products/dune/gcc/v8_2_0/Linux64bit+3.10-2.17/bin/
LIBRARY_PATH=/cvmfs/dune.opensciencegrid.org/products/dune/gcc/v8_2_0/Linux64bit+3.10-2.17/bin/../lib/gcc/x86_64-pc-linux-gnu/8.2.0/:/cvmfs/dune.opensciencegrid.org/products/dune/gcc/v8_2_0/Linux64bit+3.10-2.17/bin/../lib/gcc/:/cvmfs/dune.opensciencegrid.org/products/dune/gcc/v8_2_0/Linux64bit+3.10-2.17/bin/../lib/gcc/x86_64-pc-linux-gnu/8.2.0/../../../../lib64/:/lib/../lib64/:/usr/lib/../lib64/:/cvmfs/dune.opensciencegrid.org/products/dune/gcc/v8_2_0/Linux64bit+3.10-2.17/bin/../lib/gcc/x86_64-pc-linux-gnu/8.2.0/../../../:/lib/:/usr/lib/
COLLECT_GCC_OPTIONS='-v' '-o' 'CMakeFiles/cmTC_51215.dir/CMakeCXXCompilerABI.cpp.o' '-c' '-shared-libgcc' '-mtune=generic' '-march=x86-64'
Linking CXX executable cmTC_51215
/cvmfs/dune.opensciencegrid.org/products/dune/cmake/v3_14_3/Linux64bit+3.10-2.17/bin/cmake -E cmake_link_script CMakeFiles/cmTC_51215.dir/link.txt --verbose=1
/cvmfs/dune.opensciencegrid.org/products/dune/gcc/v8_2_0/Linux64bit+3.10-2.17/bin/c++      -v -rdynamic CMakeFiles/cmTC_51215.dir/CMakeCXXCompilerABI.cpp.o  -o cmTC_51215 
Using built-in specs.
COLLECT_GCC=/cvmfs/dune.opensciencegrid.org/products/dune/gcc/v8_2_0/Linux64bit+3.10-2.17/bin/c++
COLLECT_LTO_WRAPPER=/cvmfs/dune.opensciencegrid.org/products/dune/gcc/v8_2_0/Linux64bit+3.10-2.17/bin/../libexec/gcc/x86_64-pc-linux-gnu/8.2.0/lto-wrapper
Target: x86_64-pc-linux-gnu
Configured with: ./configure --prefix=/home/greenc/work/cet-is/test-products/gcc/v8_2_0/Linux64bit+3.10-2.17 --disable-libgcj --enable-threads=posix --enable-__cxa_atexit --enable-languages=c,c++,fortran,lto --with-system-zlib --enable-libstdcxx-time=rt --enable-stage1-checking=yes --enable-checking=release --enable-plugin --enable-lto
Thread model: posix
gcc version 8.2.0 (GCC) 
COMPILER_PATH=/cvmfs/dune.opensciencegrid.org/products/dune/gcc/v8_2_0/Linux64bit+3.10-2.17/bin/../libexec/gcc/x86_64-pc-linux-gnu/8.2.0/:/cvmfs/dune.opensciencegrid.org/products/dune/gcc/v8_2_0/Linux64bit+3.10-2.17/bin/../libexec/gcc/:/cvmfs/dune.opensciencegrid.org/products/dune/gcc/v8_2_0/Linux64bit+3.10-2.17/bin/
LIBRARY_PATH=/cvmfs/dune.opensciencegrid.org/products/dune/gcc/v8_2_0/Linux64bit+3.10-2.17/bin/../lib/gcc/x86_64-pc-linux-gnu/8.2.0/:/cvmfs/dune.opensciencegrid.org/products/dune/gcc/v8_2_0/Linux64bit+3.10-2.17/bin/../lib/gcc/:/cvmfs/dune.opensciencegrid.org/products/dune/gcc/v8_2_0/Linux64bit+3.10-2.17/bin/../lib/gcc/x86_64-pc-linux-gnu/8.2.0/../../../../lib64/:/lib/../lib64/:/usr/lib/../lib64/:/cvmfs/dune.opensciencegrid.org/products/dune/gcc/v8_2_0/Linux64bit+3.10-2.17/bin/../lib/gcc/x86_64-pc-linux-gnu/8.2.0/../../../:/lib/:/usr/lib/
COLLECT_GCC_OPTIONS='-v' '-rdynamic' '-o' 'cmTC_51215' '-shared-libgcc' '-mtune=generic' '-march=x86-64'
 /cvmfs/dune.opensciencegrid.org/products/dune/gcc/v8_2_0/Linux64bit+3.10-2.17/bin/../libexec/gcc/x86_64-pc-linux-gnu/8.2.0/collect2 -plugin /cvmfs/dune.opensciencegrid.org/products/dune/gcc/v8_2_0/Linux64bit+3.10-2.17/bin/../libexec/gcc/x86_64-pc-linux-gnu/8.2.0/liblto_plugin.so -plugin-opt=/cvmfs/dune.opensciencegrid.org/products/dune/gcc/v8_2_0/Linux64bit+3.10-2.17/bin/../libexec/gcc/x86_64-pc-linux-gnu/8.2.0/lto-wrapper -plugin-opt=-fresolution=/tmp/ccvvkwtZ.res -plugin-opt=-pass-through=-lgcc_s -plugin-opt=-pass-through=-lgcc -plugin-opt=-pass-through=-lc -plugin-opt=-pass-through=-lgcc_s -plugin-opt=-pass-through=-lgcc --eh-frame-hdr -m elf_x86_64 -export-dynamic -dynamic-linker /lib64/ld-linux-x86-64.so.2 -o cmTC_51215 /lib/../lib64/crt1.o /lib/../lib64/crti.o /cvmfs/dune.opensciencegrid.org/products/dune/gcc/v8_2_0/Linux64bit+3.10-2.17/bin/../lib/gcc/x86_64-pc-linux-gnu/8.2.0/crtbegin.o -L/cvmfs/dune.opensciencegrid.org/products/dune/gcc/v8_2_0/Linux64bit+3.10-2.17/bin/../lib/gcc/x86_64-pc-linux-gnu/8.2.0 -L/cvmfs/dune.opensciencegrid.org/products/dune/gcc/v8_2_0/Linux64bit+3.10-2.17/bin/../lib/gcc -L/cvmfs/dune.opensciencegrid.org/products/dune/gcc/v8_2_0/Linux64bit+3.10-2.17/bin/../lib/gcc/x86_64-pc-linux-gnu/8.2.0/../../../../lib64 -L/lib/../lib64 -L/usr/lib/../lib64 -L/cvmfs/dune.opensciencegrid.org/products/dune/gcc/v8_2_0/Linux64bit+3.10-2.17/bin/../lib/gcc/x86_64-pc-linux-gnu/8.2.0/../../.. CMakeFiles/cmTC_51215.dir/CMakeCXXCompilerABI.cpp.o -lstdc++ -lm -lgcc_s -lgcc -lc -lgcc_s -lgcc /cvmfs/dune.opensciencegrid.org/products/dune/gcc/v8_2_0/Linux64bit+3.10-2.17/bin/../lib/gcc/x86_64-pc-linux-gnu/8.2.0/crtend.o /lib/../lib64/crtn.o
COLLECT_GCC_OPTIONS='-v' '-rdynamic' '-o' 'cmTC_51215' '-shared-libgcc' '-mtune=generic' '-march=x86-64'
gmake[1]: Leaving directory `/storage/epp2/phupqr/Pandora.repos/Workshop/WorkshopContent/workshopcontent/Algorithms/CMakeFiles/CMakeTmp'


Parsed CXX implicit include dir info from above output: rv=done
  found start of include info
  found start of implicit include info
    add: [/cvmfs/larsoft.opensciencegrid.org/products/tbb/v2019_3/Linux64bit+3.10-2.17-e19-prof/include]
    add: [/cvmfs/dune.opensciencegrid.org/products/dune/gcc/v8_2_0/Linux64bit+3.10-2.17/bin/../lib/gcc/x86_64-pc-linux-gnu/8.2.0/../../../../include/c++/8.2.0]
    add: [/cvmfs/dune.opensciencegrid.org/products/dune/gcc/v8_2_0/Linux64bit+3.10-2.17/bin/../lib/gcc/x86_64-pc-linux-gnu/8.2.0/../../../../include/c++/8.2.0/x86_64-pc-linux-gnu]
    add: [/cvmfs/dune.opensciencegrid.org/products/dune/gcc/v8_2_0/Linux64bit+3.10-2.17/bin/../lib/gcc/x86_64-pc-linux-gnu/8.2.0/../../../../include/c++/8.2.0/backward]
    add: [/cvmfs/dune.opensciencegrid.org/products/dune/gcc/v8_2_0/Linux64bit+3.10-2.17/bin/../lib/gcc/x86_64-pc-linux-gnu/8.2.0/include]
    add: [/cvmfs/dune.opensciencegrid.org/products/dune/gcc/v8_2_0/Linux64bit+3.10-2.17/bin/../lib/gcc/x86_64-pc-linux-gnu/8.2.0/include-fixed]
    add: [/usr/local/include]
    add: [/cvmfs/dune.opensciencegrid.org/products/dune/gcc/v8_2_0/Linux64bit+3.10-2.17/bin/../lib/gcc/../../include]
    add: [/usr/include]
  end of search list found
  collapse include dir [/cvmfs/larsoft.opensciencegrid.org/products/tbb/v2019_3/Linux64bit+3.10-2.17-e19-prof/include] ==> [/cvmfs/larsoft.opensciencegrid.org/products/tbb/v2019_3/Linux64bit+3.10-2.17-e19-prof/include]
  collapse include dir [/cvmfs/dune.opensciencegrid.org/products/dune/gcc/v8_2_0/Linux64bit+3.10-2.17/bin/../lib/gcc/x86_64-pc-linux-gnu/8.2.0/../../../../include/c++/8.2.0] ==> [/cvmfs/dune.opensciencegrid.org/products/dune/gcc/v8_2_0/Linux64bit+3.10-2.17/include/c++/8.2.0]
  collapse include dir [/cvmfs/dune.opensciencegrid.org/products/dune/gcc/v8_2_0/Linux64bit+3.10-2.17/bin/../lib/gcc/x86_64-pc-linux-gnu/8.2.0/../../../../include/c++/8.2.0/x86_64-pc-linux-gnu] ==> [/cvmfs/dune.opensciencegrid.org/products/dune/gcc/v8_2_0/Linux64bit+3.10-2.17/include/c++/8.2.0/x86_64-pc-linux-gnu]
  collapse include dir [/cvmfs/dune.opensciencegrid.org/products/dune/gcc/v8_2_0/Linux64bit+3.10-2.17/bin/../lib/gcc/x86_64-pc-linux-gnu/8.2.0/../../../../include/c++/8.2.0/backward] ==> [/cvmfs/dune.opensciencegrid.org/products/dune/gcc/v8_2_0/Linux64bit+3.10-2.17/include/c++/8.2.0/backward]
  collapse include dir [/cvmfs/dune.opensciencegrid.org/products/dune/gcc/v8_2_0/Linux64bit+3.10-2.17/bin/../lib/gcc/x86_64-pc-linux-gnu/8.2.0/include] ==> [/cvmfs/dune.opensciencegrid.org/products/dune/gcc/v8_2_0/Linux64bit+3.10-2.17/lib/gcc/x86_64-pc-linux-gnu/8.2.0/include]
  collapse include dir [/cvmfs/dune.opensciencegrid.org/products/dune/gcc/v8_2_0/Linux64bit+3.10-2.17/bin/../lib/gcc/x86_64-pc-linux-gnu/8.2.0/include-fixed] ==> [/cvmfs/dune.opensciencegrid.org/products/dune/gcc/v8_2_0/Linux64bit+3.10-2.17/lib/gcc/x86_64-pc-linux-gnu/8.2.0/include-fixed]
  collapse include dir [/usr/local/include] ==> [/usr/local/include]
  collapse include dir [/cvmfs/dune.opensciencegrid.org/products/dune/gcc/v8_2_0/Linux64bit+3.10-2.17/bin/../lib/gcc/../../include] ==> [/cvmfs/dune.opensciencegrid.org/products/dune/gcc/v8_2_0/Linux64bit+3.10-2.17/include]
  collapse include dir [/usr/include] ==> [/usr/include]
  implicit include dirs: [/cvmfs/larsoft.opensciencegrid.org/products/tbb/v2019_3/Linux64bit+3.10-2.17-e19-prof/include;/cvmfs/dune.opensciencegrid.org/products/dune/gcc/v8_2_0/Linux64bit+3.10-2.17/include/c++/8.2.0;/cvmfs/dune.opensciencegrid.org/products/dune/gcc/v8_2_0/Linux64bit+3.10-2.17/include/c++/8.2.0/x86_64-pc-linux-gnu;/cvmfs/dune.opensciencegrid.org/products/dune/gcc/v8_2_0/Linux64bit+3.10-2.17/include/c++/8.2.0/backward;/cvmfs/dune.opensciencegrid.org/products/dune/gcc/v8_2_0/Linux64bit+3.10-2.17/lib/gcc/x86_64-pc-linux-gnu/8.2.0/include;/cvmfs/dune.opensciencegrid.org/products/dune/gcc/v8_2_0/Linux64bit+3.10-2.17/lib/gcc/x86_64-pc-linux-gnu/8.2.0/include-fixed;/usr/local/include;/cvmfs/dune.opensciencegrid.org/products/dune/gcc/v8_2_0/Linux64bit+3.10-2.17/include;/usr/include]


Parsed CXX implicit link information from above output:
  link line regex: [^( *|.*[/\])(ld|CMAKE_LINK_STARTFILE-NOTFOUND|([^/\]+-)?ld|collect2)[^/\]*( |$)]
  ignore line: [Change Dir: /storage/epp2/phupqr/Pandora.repos/Workshop/WorkshopContent/workshopcontent/Algorithms/CMakeFiles/CMakeTmp]
  ignore line: []
  ignore line: [Run Build Command(s):/usr/bin/gmake cmTC_51215/fast ]
  ignore line: [/usr/bin/gmake -f CMakeFiles/cmTC_51215.dir/build.make CMakeFiles/cmTC_51215.dir/build]
  ignore line: [gmake[1]: Entering directory `/storage/epp2/phupqr/Pandora.repos/Workshop/WorkshopContent/workshopcontent/Algorithms/CMakeFiles/CMakeTmp']
  ignore line: [Building CXX object CMakeFiles/cmTC_51215.dir/CMakeCXXCompilerABI.cpp.o]
  ignore line: [/cvmfs/dune.opensciencegrid.org/products/dune/gcc/v8_2_0/Linux64bit+3.10-2.17/bin/c++    -v -o CMakeFiles/cmTC_51215.dir/CMakeCXXCompilerABI.cpp.o -c /cvmfs/dune.opensciencegrid.org/products/dune/cmake/v3_14_3/Linux64bit+3.10-2.17/share/cmake-3.14/Modules/CMakeCXXCompilerABI.cpp]
  ignore line: [Using built-in specs.]
  ignore line: [COLLECT_GCC=/cvmfs/dune.opensciencegrid.org/products/dune/gcc/v8_2_0/Linux64bit+3.10-2.17/bin/c++]
  ignore line: [Target: x86_64-pc-linux-gnu]
  ignore line: [Configured with: ./configure --prefix=/home/greenc/work/cet-is/test-products/gcc/v8_2_0/Linux64bit+3.10-2.17 --disable-libgcj --enable-threads=posix --enable-__cxa_atexit --enable-languages=c,c++,fortran,lto --with-system-zlib --enable-libstdcxx-time=rt --enable-stage1-checking=yes --enable-checking=release --enable-plugin --enable-lto]
  ignore line: [Thread model: posix]
  ignore line: [gcc version 8.2.0 (GCC) ]
  ignore line: [COLLECT_GCC_OPTIONS='-v' '-o' 'CMakeFiles/cmTC_51215.dir/CMakeCXXCompilerABI.cpp.o' '-c' '-shared-libgcc' '-mtune=generic' '-march=x86-64']
  ignore line: [ /cvmfs/dune.opensciencegrid.org/products/dune/gcc/v8_2_0/Linux64bit+3.10-2.17/bin/../libexec/gcc/x86_64-pc-linux-gnu/8.2.0/cc1plus -quiet -v -iprefix /cvmfs/dune.opensciencegrid.org/products/dune/gcc/v8_2_0/Linux64bit+3.10-2.17/bin/../lib/gcc/x86_64-pc-linux-gnu/8.2.0/ -D_GNU_SOURCE /cvmfs/dune.opensciencegrid.org/products/dune/cmake/v3_14_3/Linux64bit+3.10-2.17/share/cmake-3.14/Modules/CMakeCXXCompilerABI.cpp -quiet -dumpbase CMakeCXXCompilerABI.cpp -mtune=generic -march=x86-64 -auxbase-strip CMakeFiles/cmTC_51215.dir/CMakeCXXCompilerABI.cpp.o -version -o /tmp/cc2RjveS.s]
  ignore line: [GNU C++14 (GCC) version 8.2.0 (x86_64-pc-linux-gnu)]
  ignore line: [	compiled by GNU C version 8.2.0, GMP version 6.1.2, MPFR version 4.0.1-p11, MPC version 1.1.0, isl version isl-0.18-GMP]
  ignore line: []
  ignore line: [GGC heuristics: --param ggc-min-expand=100 --param ggc-min-heapsize=131072]
  ignore line: [ignoring nonexistent directory "/cvmfs/dune.opensciencegrid.org/products/dune/gcc/v8_2_0/Linux64bit+3.10-2.17/bin/../lib/gcc/x86_64-pc-linux-gnu/8.2.0/../../../../x86_64-pc-linux-gnu/include"]
  ignore line: [ignoring duplicate directory "/cvmfs/dune.opensciencegrid.org/products/dune/gcc/v8_2_0/Linux64bit+3.10-2.17/bin/../lib/gcc/../../lib/gcc/x86_64-pc-linux-gnu/8.2.0/../../../../include/c++/8.2.0"]
  ignore line: [ignoring duplicate directory "/cvmfs/dune.opensciencegrid.org/products/dune/gcc/v8_2_0/Linux64bit+3.10-2.17/bin/../lib/gcc/../../lib/gcc/x86_64-pc-linux-gnu/8.2.0/../../../../include/c++/8.2.0/x86_64-pc-linux-gnu"]
  ignore line: [ignoring duplicate directory "/cvmfs/dune.opensciencegrid.org/products/dune/gcc/v8_2_0/Linux64bit+3.10-2.17/bin/../lib/gcc/../../lib/gcc/x86_64-pc-linux-gnu/8.2.0/../../../../include/c++/8.2.0/backward"]
  ignore line: [ignoring duplicate directory "/cvmfs/dune.opensciencegrid.org/products/dune/gcc/v8_2_0/Linux64bit+3.10-2.17/bin/../lib/gcc/../../lib/gcc/x86_64-pc-linux-gnu/8.2.0/include"]
  ignore line: [ignoring duplicate directory "/cvmfs/dune.opensciencegrid.org/products/dune/gcc/v8_2_0/Linux64bit+3.10-2.17/bin/../lib/gcc/../../lib/gcc/x86_64-pc-linux-gnu/8.2.0/include-fixed"]
  ignore line: [ignoring nonexistent directory "/cvmfs/dune.opensciencegrid.org/products/dune/gcc/v8_2_0/Linux64bit+3.10-2.17/bin/../lib/gcc/../../lib/gcc/x86_64-pc-linux-gnu/8.2.0/../../../../x86_64-pc-linux-gnu/include"]
  ignore line: [#include "..." search starts here:]
  ignore line: [#include <...> search starts here:]
  ignore line: [ /cvmfs/larsoft.opensciencegrid.org/products/tbb/v2019_3/Linux64bit+3.10-2.17-e19-prof/include]
  ignore line: [ /cvmfs/dune.opensciencegrid.org/products/dune/gcc/v8_2_0/Linux64bit+3.10-2.17/bin/../lib/gcc/x86_64-pc-linux-gnu/8.2.0/../../../../include/c++/8.2.0]
  ignore line: [ /cvmfs/dune.opensciencegrid.org/products/dune/gcc/v8_2_0/Linux64bit+3.10-2.17/bin/../lib/gcc/x86_64-pc-linux-gnu/8.2.0/../../../../include/c++/8.2.0/x86_64-pc-linux-gnu]
  ignore line: [ /cvmfs/dune.opensciencegrid.org/products/dune/gcc/v8_2_0/Linux64bit+3.10-2.17/bin/../lib/gcc/x86_64-pc-linux-gnu/8.2.0/../../../../include/c++/8.2.0/backward]
  ignore line: [ /cvmfs/dune.opensciencegrid.org/products/dune/gcc/v8_2_0/Linux64bit+3.10-2.17/bin/../lib/gcc/x86_64-pc-linux-gnu/8.2.0/include]
  ignore line: [ /cvmfs/dune.opensciencegrid.org/products/dune/gcc/v8_2_0/Linux64bit+3.10-2.17/bin/../lib/gcc/x86_64-pc-linux-gnu/8.2.0/include-fixed]
  ignore line: [ /usr/local/include]
  ignore line: [ /cvmfs/dune.opensciencegrid.org/products/dune/gcc/v8_2_0/Linux64bit+3.10-2.17/bin/../lib/gcc/../../include]
  ignore line: [ /usr/include]
  ignore line: [End of search list.]
  ignore line: [GNU C++14 (GCC) version 8.2.0 (x86_64-pc-linux-gnu)]
  ignore line: [	compiled by GNU C version 8.2.0, GMP version 6.1.2, MPFR version 4.0.1-p11, MPC version 1.1.0, isl version isl-0.18-GMP]
  ignore line: []
  ignore line: [GGC heuristics: --param ggc-min-expand=100 --param ggc-min-heapsize=131072]
  ignore line: [Compiler executable checksum: f2ca26f0533d8f2d0f0d6881403ce0e7]
  ignore line: [COLLECT_GCC_OPTIONS='-v' '-o' 'CMakeFiles/cmTC_51215.dir/CMakeCXXCompilerABI.cpp.o' '-c' '-shared-libgcc' '-mtune=generic' '-march=x86-64']
  ignore line: [ as -v --64 -o CMakeFiles/cmTC_51215.dir/CMakeCXXCompilerABI.cpp.o /tmp/cc2RjveS.s]
  ignore line: [GNU assembler version 2.27 (x86_64-redhat-linux) using BFD version version 2.27-43.base.el7_8.1]
  ignore line: [COMPILER_PATH=/cvmfs/dune.opensciencegrid.org/products/dune/gcc/v8_2_0/Linux64bit+3.10-2.17/bin/../libexec/gcc/x86_64-pc-linux-gnu/8.2.0/:/cvmfs/dune.opensciencegrid.org/products/dune/gcc/v8_2_0/Linux64bit+3.10-2.17/bin/../libexec/gcc/:/cvmfs/dune.opensciencegrid.org/products/dune/gcc/v8_2_0/Linux64bit+3.10-2.17/bin/]
  ignore line: [LIBRARY_PATH=/cvmfs/dune.opensciencegrid.org/products/dune/gcc/v8_2_0/Linux64bit+3.10-2.17/bin/../lib/gcc/x86_64-pc-linux-gnu/8.2.0/:/cvmfs/dune.opensciencegrid.org/products/dune/gcc/v8_2_0/Linux64bit+3.10-2.17/bin/../lib/gcc/:/cvmfs/dune.opensciencegrid.org/products/dune/gcc/v8_2_0/Linux64bit+3.10-2.17/bin/../lib/gcc/x86_64-pc-linux-gnu/8.2.0/../../../../lib64/:/lib/../lib64/:/usr/lib/../lib64/:/cvmfs/dune.opensciencegrid.org/products/dune/gcc/v8_2_0/Linux64bit+3.10-2.17/bin/../lib/gcc/x86_64-pc-linux-gnu/8.2.0/../../../:/lib/:/usr/lib/]
  ignore line: [COLLECT_GCC_OPTIONS='-v' '-o' 'CMakeFiles/cmTC_51215.dir/CMakeCXXCompilerABI.cpp.o' '-c' '-shared-libgcc' '-mtune=generic' '-march=x86-64']
  ignore line: [Linking CXX executable cmTC_51215]
  ignore line: [/cvmfs/dune.opensciencegrid.org/products/dune/cmake/v3_14_3/Linux64bit+3.10-2.17/bin/cmake -E cmake_link_script CMakeFiles/cmTC_51215.dir/link.txt --verbose=1]
  ignore line: [/cvmfs/dune.opensciencegrid.org/products/dune/gcc/v8_2_0/Linux64bit+3.10-2.17/bin/c++      -v -rdynamic CMakeFiles/cmTC_51215.dir/CMakeCXXCompilerABI.cpp.o  -o cmTC_51215 ]
  ignore line: [Using built-in specs.]
  ignore line: [COLLECT_GCC=/cvmfs/dune.opensciencegrid.org/products/dune/gcc/v8_2_0/Linux64bit+3.10-2.17/bin/c++]
  ignore line: [COLLECT_LTO_WRAPPER=/cvmfs/dune.opensciencegrid.org/products/dune/gcc/v8_2_0/Linux64bit+3.10-2.17/bin/../libexec/gcc/x86_64-pc-linux-gnu/8.2.0/lto-wrapper]
  ignore line: [Target: x86_64-pc-linux-gnu]
  ignore line: [Configured with: ./configure --prefix=/home/greenc/work/cet-is/test-products/gcc/v8_2_0/Linux64bit+3.10-2.17 --disable-libgcj --enable-threads=posix --enable-__cxa_atexit --enable-languages=c,c++,fortran,lto --with-system-zlib --enable-libstdcxx-time=rt --enable-stage1-checking=yes --enable-checking=release --enable-plugin --enable-lto]
  ignore line: [Thread model: posix]
  ignore line: [gcc version 8.2.0 (GCC) ]
  ignore line: [COMPILER_PATH=/cvmfs/dune.opensciencegrid.org/products/dune/gcc/v8_2_0/Linux64bit+3.10-2.17/bin/../libexec/gcc/x86_64-pc-linux-gnu/8.2.0/:/cvmfs/dune.opensciencegrid.org/products/dune/gcc/v8_2_0/Linux64bit+3.10-2.17/bin/../libexec/gcc/:/cvmfs/dune.opensciencegrid.org/products/dune/gcc/v8_2_0/Linux64bit+3.10-2.17/bin/]
  ignore line: [LIBRARY_PATH=/cvmfs/dune.opensciencegrid.org/products/dune/gcc/v8_2_0/Linux64bit+3.10-2.17/bin/../lib/gcc/x86_64-pc-linux-gnu/8.2.0/:/cvmfs/dune.opensciencegrid.org/products/dune/gcc/v8_2_0/Linux64bit+3.10-2.17/bin/../lib/gcc/:/cvmfs/dune.opensciencegrid.org/products/dune/gcc/v8_2_0/Linux64bit+3.10-2.17/bin/../lib/gcc/x86_64-pc-linux-gnu/8.2.0/../../../../lib64/:/lib/../lib64/:/usr/lib/../lib64/:/cvmfs/dune.opensciencegrid.org/products/dune/gcc/v8_2_0/Linux64bit+3.10-2.17/bin/../lib/gcc/x86_64-pc-linux-gnu/8.2.0/../../../:/lib/:/usr/lib/]
  ignore line: [COLLECT_GCC_OPTIONS='-v' '-rdynamic' '-o' 'cmTC_51215' '-shared-libgcc' '-mtune=generic' '-march=x86-64']
  link line: [ /cvmfs/dune.opensciencegrid.org/products/dune/gcc/v8_2_0/Linux64bit+3.10-2.17/bin/../libexec/gcc/x86_64-pc-linux-gnu/8.2.0/collect2 -plugin /cvmfs/dune.opensciencegrid.org/products/dune/gcc/v8_2_0/Linux64bit+3.10-2.17/bin/../libexec/gcc/x86_64-pc-linux-gnu/8.2.0/liblto_plugin.so -plugin-opt=/cvmfs/dune.opensciencegrid.org/products/dune/gcc/v8_2_0/Linux64bit+3.10-2.17/bin/../libexec/gcc/x86_64-pc-linux-gnu/8.2.0/lto-wrapper -plugin-opt=-fresolution=/tmp/ccvvkwtZ.res -plugin-opt=-pass-through=-lgcc_s -plugin-opt=-pass-through=-lgcc -plugin-opt=-pass-through=-lc -plugin-opt=-pass-through=-lgcc_s -plugin-opt=-pass-through=-lgcc --eh-frame-hdr -m elf_x86_64 -export-dynamic -dynamic-linker /lib64/ld-linux-x86-64.so.2 -o cmTC_51215 /lib/../lib64/crt1.o /lib/../lib64/crti.o /cvmfs/dune.opensciencegrid.org/products/dune/gcc/v8_2_0/Linux64bit+3.10-2.17/bin/../lib/gcc/x86_64-pc-linux-gnu/8.2.0/crtbegin.o -L/cvmfs/dune.opensciencegrid.org/products/dune/gcc/v8_2_0/Linux64bit+3.10-2.17/bin/../lib/gcc/x86_64-pc-linux-gnu/8.2.0 -L/cvmfs/dune.opensciencegrid.org/products/dune/gcc/v8_2_0/Linux64bit+3.10-2.17/bin/../lib/gcc -L/cvmfs/dune.opensciencegrid.org/products/dune/gcc/v8_2_0/Linux64bit+3.10-2.17/bin/../lib/gcc/x86_64-pc-linux-gnu/8.2.0/../../../../lib64 -L/lib/../lib64 -L/usr/lib/../lib64 -L/cvmfs/dune.opensciencegrid.org/products/dune/gcc/v8_2_0/Linux64bit+3.10-2.17/bin/../lib/gcc/x86_64-pc-linux-gnu/8.2.0/../../.. CMakeFiles/cmTC_51215.dir/CMakeCXXCompilerABI.cpp.o -lstdc++ -lm -lgcc_s -lgcc -lc -lgcc_s -lgcc /cvmfs/dune.opensciencegrid.org/products/dune/gcc/v8_2_0/Linux64bit+3.10-2.17/bin/../lib/gcc/x86_64-pc-linux-gnu/8.2.0/crtend.o /lib/../lib64/crtn.o]
    arg [/cvmfs/dune.opensciencegrid.org/products/dune/gcc/v8_2_0/Linux64bit+3.10-2.17/bin/../libexec/gcc/x86_64-pc-linux-gnu/8.2.0/collect2] ==> ignore
    arg [-plugin] ==> ignore
    arg [/cvmfs/dune.opensciencegrid.org/products/dune/gcc/v8_2_0/Linux64bit+3.10-2.17/bin/../libexec/gcc/x86_64-pc-linux-gnu/8.2.0/liblto_plugin.so] ==> ignore
    arg [-plugin-opt=/cvmfs/dune.opensciencegrid.org/products/dune/gcc/v8_2_0/Linux64bit+3.10-2.17/bin/../libexec/gcc/x86_64-pc-linux-gnu/8.2.0/lto-wrapper] ==> ignore
    arg [-plugin-opt=-fresolution=/tmp/ccvvkwtZ.res] ==> ignore
    arg [-plugin-opt=-pass-through=-lgcc_s] ==> ignore
    arg [-plugin-opt=-pass-through=-lgcc] ==> ignore
    arg [-plugin-opt=-pass-through=-lc] ==> ignore
    arg [-plugin-opt=-pass-through=-lgcc_s] ==> ignore
    arg [-plugin-opt=-pass-through=-lgcc] ==> ignore
    arg [--eh-frame-hdr] ==> ignore
    arg [-m] ==> ignore
    arg [elf_x86_64] ==> ignore
    arg [-export-dynamic] ==> ignore
    arg [-dynamic-linker] ==> ignore
    arg [/lib64/ld-linux-x86-64.so.2] ==> ignore
    arg [-o] ==> ignore
    arg [cmTC_51215] ==> ignore
    arg [/lib/../lib64/crt1.o] ==> ignore
    arg [/lib/../lib64/crti.o] ==> ignore
    arg [/cvmfs/dune.opensciencegrid.org/products/dune/gcc/v8_2_0/Linux64bit+3.10-2.17/bin/../lib/gcc/x86_64-pc-linux-gnu/8.2.0/crtbegin.o] ==> ignore
    arg [-L/cvmfs/dune.opensciencegrid.org/products/dune/gcc/v8_2_0/Linux64bit+3.10-2.17/bin/../lib/gcc/x86_64-pc-linux-gnu/8.2.0] ==> dir [/cvmfs/dune.opensciencegrid.org/products/dune/gcc/v8_2_0/Linux64bit+3.10-2.17/bin/../lib/gcc/x86_64-pc-linux-gnu/8.2.0]
    arg [-L/cvmfs/dune.opensciencegrid.org/products/dune/gcc/v8_2_0/Linux64bit+3.10-2.17/bin/../lib/gcc] ==> dir [/cvmfs/dune.opensciencegrid.org/products/dune/gcc/v8_2_0/Linux64bit+3.10-2.17/bin/../lib/gcc]
    arg [-L/cvmfs/dune.opensciencegrid.org/products/dune/gcc/v8_2_0/Linux64bit+3.10-2.17/bin/../lib/gcc/x86_64-pc-linux-gnu/8.2.0/../../../../lib64] ==> dir [/cvmfs/dune.opensciencegrid.org/products/dune/gcc/v8_2_0/Linux64bit+3.10-2.17/bin/../lib/gcc/x86_64-pc-linux-gnu/8.2.0/../../../../lib64]
    arg [-L/lib/../lib64] ==> dir [/lib/../lib64]
    arg [-L/usr/lib/../lib64] ==> dir [/usr/lib/../lib64]
    arg [-L/cvmfs/dune.opensciencegrid.org/products/dune/gcc/v8_2_0/Linux64bit+3.10-2.17/bin/../lib/gcc/x86_64-pc-linux-gnu/8.2.0/../../..] ==> dir [/cvmfs/dune.opensciencegrid.org/products/dune/gcc/v8_2_0/Linux64bit+3.10-2.17/bin/../lib/gcc/x86_64-pc-linux-gnu/8.2.0/../../..]
    arg [CMakeFiles/cmTC_51215.dir/CMakeCXXCompilerABI.cpp.o] ==> ignore
    arg [-lstdc++] ==> lib [stdc++]
    arg [-lm] ==> lib [m]
    arg [-lgcc_s] ==> lib [gcc_s]
    arg [-lgcc] ==> lib [gcc]
    arg [-lc] ==> lib [c]
    arg [-lgcc_s] ==> lib [gcc_s]
    arg [-lgcc] ==> lib [gcc]
    arg [/cvmfs/dune.opensciencegrid.org/products/dune/gcc/v8_2_0/Linux64bit+3.10-2.17/bin/../lib/gcc/x86_64-pc-linux-gnu/8.2.0/crtend.o] ==> ignore
    arg [/lib/../lib64/crtn.o] ==> ignore
  collapse library dir [/cvmfs/dune.opensciencegrid.org/products/dune/gcc/v8_2_0/Linux64bit+3.10-2.17/bin/../lib/gcc/x86_64-pc-linux-gnu/8.2.0] ==> [/cvmfs/dune.opensciencegrid.org/products/dune/gcc/v8_2_0/Linux64bit+3.10-2.17/lib/gcc/x86_64-pc-linux-gnu/8.2.0]
  collapse library dir [/cvmfs/dune.opensciencegrid.org/products/dune/gcc/v8_2_0/Linux64bit+3.10-2.17/bin/../lib/gcc] ==> [/cvmfs/dune.opensciencegrid.org/products/dune/gcc/v8_2_0/Linux64bit+3.10-2.17/lib/gcc]
  collapse library dir [/cvmfs/dune.opensciencegrid.org/products/dune/gcc/v8_2_0/Linux64bit+3.10-2.17/bin/../lib/gcc/x86_64-pc-linux-gnu/8.2.0/../../../../lib64] ==> [/cvmfs/dune.opensciencegrid.org/products/dune/gcc/v8_2_0/Linux64bit+3.10-2.17/lib64]
  collapse library dir [/lib/../lib64] ==> [/lib64]
  collapse library dir [/usr/lib/../lib64] ==> [/usr/lib64]
  collapse library dir [/cvmfs/dune.opensciencegrid.org/products/dune/gcc/v8_2_0/Linux64bit+3.10-2.17/bin/../lib/gcc/x86_64-pc-linux-gnu/8.2.0/../../..] ==> [/cvmfs/dune.opensciencegrid.org/products/dune/gcc/v8_2_0/Linux64bit+3.10-2.17/lib]
  implicit libs: [stdc++;m;gcc_s;gcc;c;gcc_s;gcc]
  implicit dirs: [/cvmfs/dune.opensciencegrid.org/products/dune/gcc/v8_2_0/Linux64bit+3.10-2.17/lib/gcc/x86_64-pc-linux-gnu/8.2.0;/cvmfs/dune.opensciencegrid.org/products/dune/gcc/v8_2_0/Linux64bit+3.10-2.17/lib/gcc;/cvmfs/dune.opensciencegrid.org/products/dune/gcc/v8_2_0/Linux64bit+3.10-2.17/lib64;/lib64;/usr/lib64;/cvmfs/dune.opensciencegrid.org/products/dune/gcc/v8_2_0/Linux64bit+3.10-2.17/lib]
  implicit fwks: []




Detecting CXX [-std=c++2a] compiler features compiled with the following output:
Change Dir: /storage/epp2/phupqr/Pandora.repos/Workshop/WorkshopContent/workshopcontent/Algorithms/CMakeFiles/CMakeTmp

Run Build Command(s):/usr/bin/gmake cmTC_21f1c/fast 
/usr/bin/gmake -f CMakeFiles/cmTC_21f1c.dir/build.make CMakeFiles/cmTC_21f1c.dir/build
gmake[1]: Entering directory `/storage/epp2/phupqr/Pandora.repos/Workshop/WorkshopContent/workshopcontent/Algorithms/CMakeFiles/CMakeTmp'
Building CXX object CMakeFiles/cmTC_21f1c.dir/feature_tests.cxx.o
/cvmfs/dune.opensciencegrid.org/products/dune/gcc/v8_2_0/Linux64bit+3.10-2.17/bin/c++    -std=c++2a -o CMakeFiles/cmTC_21f1c.dir/feature_tests.cxx.o -c /storage/epp2/phupqr/Pandora.repos/Workshop/WorkshopContent/workshopcontent/Algorithms/CMakeFiles/feature_tests.cxx
Linking CXX executable cmTC_21f1c
/cvmfs/dune.opensciencegrid.org/products/dune/cmake/v3_14_3/Linux64bit+3.10-2.17/bin/cmake -E cmake_link_script CMakeFiles/cmTC_21f1c.dir/link.txt --verbose=1
/cvmfs/dune.opensciencegrid.org/products/dune/gcc/v8_2_0/Linux64bit+3.10-2.17/bin/c++       -rdynamic CMakeFiles/cmTC_21f1c.dir/feature_tests.cxx.o  -o cmTC_21f1c 
gmake[1]: Leaving directory `/storage/epp2/phupqr/Pandora.repos/Workshop/WorkshopContent/workshopcontent/Algorithms/CMakeFiles/CMakeTmp'


    Feature record: CXX_FEATURE:1cxx_aggregate_default_initializers
    Feature record: CXX_FEATURE:1cxx_alias_templates
    Feature record: CXX_FEATURE:1cxx_alignas
    Feature record: CXX_FEATURE:1cxx_alignof
    Feature record: CXX_FEATURE:1cxx_attributes
    Feature record: CXX_FEATURE:1cxx_attribute_deprecated
    Feature record: CXX_FEATURE:1cxx_auto_type
    Feature record: CXX_FEATURE:1cxx_binary_literals
    Feature record: CXX_FEATURE:1cxx_constexpr
    Feature record: CXX_FEATURE:1cxx_contextual_conversions
    Feature record: CXX_FEATURE:1cxx_decltype
    Feature record: CXX_FEATURE:1cxx_decltype_auto
    Feature record: CXX_FEATURE:1cxx_decltype_incomplete_return_types
    Feature record: CXX_FEATURE:1cxx_default_function_template_args
    Feature record: CXX_FEATURE:1cxx_defaulted_functions
    Feature record: CXX_FEATURE:1cxx_defaulted_move_initializers
    Feature record: CXX_FEATURE:1cxx_delegating_constructors
    Feature record: CXX_FEATURE:1cxx_deleted_functions
    Feature record: CXX_FEATURE:1cxx_digit_separators
    Feature record: CXX_FEATURE:1cxx_enum_forward_declarations
    Feature record: CXX_FEATURE:1cxx_explicit_conversions
    Feature record: CXX_FEATURE:1cxx_extended_friend_declarations
    Feature record: CXX_FEATURE:1cxx_extern_templates
    Feature record: CXX_FEATURE:1cxx_final
    Feature record: CXX_FEATURE:1cxx_func_identifier
    Feature record: CXX_FEATURE:1cxx_generalized_initializers
    Feature record: CXX_FEATURE:1cxx_generic_lambdas
    Feature record: CXX_FEATURE:1cxx_inheriting_constructors
    Feature record: CXX_FEATURE:1cxx_inline_namespaces
    Feature record: CXX_FEATURE:1cxx_lambdas
    Feature record: CXX_FEATURE:1cxx_lambda_init_captures
    Feature record: CXX_FEATURE:1cxx_local_type_template_args
    Feature record: CXX_FEATURE:1cxx_long_long_type
    Feature record: CXX_FEATURE:1cxx_noexcept
    Feature record: CXX_FEATURE:1cxx_nonstatic_member_init
    Feature record: CXX_FEATURE:1cxx_nullptr
    Feature record: CXX_FEATURE:1cxx_override
    Feature record: CXX_FEATURE:1cxx_range_for
    Feature record: CXX_FEATURE:1cxx_raw_string_literals
    Feature record: CXX_FEATURE:1cxx_reference_qualified_functions
    Feature record: CXX_FEATURE:1cxx_relaxed_constexpr
    Feature record: CXX_FEATURE:1cxx_return_type_deduction
    Feature record: CXX_FEATURE:1cxx_right_angle_brackets
    Feature record: CXX_FEATURE:1cxx_rvalue_references
    Feature record: CXX_FEATURE:1cxx_sizeof_member
    Feature record: CXX_FEATURE:1cxx_static_assert
    Feature record: CXX_FEATURE:1cxx_strong_enums
    Feature record: CXX_FEATURE:1cxx_template_template_parameters
    Feature record: CXX_FEATURE:1cxx_thread_local
    Feature record: CXX_FEATURE:1cxx_trailing_return_types
    Feature record: CXX_FEATURE:1cxx_unicode_literals
    Feature record: CXX_FEATURE:1cxx_uniform_initialization
    Feature record: CXX_FEATURE:1cxx_unrestricted_unions
    Feature record: CXX_FEATURE:1cxx_user_literals
    Feature record: CXX_FEATURE:1cxx_variable_templates
    Feature record: CXX_FEATURE:1cxx_variadic_macros
    Feature record: CXX_FEATURE:1cxx_variadic_templates


Detecting CXX [-std=c++17] compiler features compiled with the following output:
Change Dir: /storage/epp2/phupqr/Pandora.repos/Workshop/WorkshopContent/workshopcontent/Algorithms/CMakeFiles/CMakeTmp

Run Build Command(s):/usr/bin/gmake cmTC_4369d/fast 
/usr/bin/gmake -f CMakeFiles/cmTC_4369d.dir/build.make CMakeFiles/cmTC_4369d.dir/build
gmake[1]: Entering directory `/storage/epp2/phupqr/Pandora.repos/Workshop/WorkshopContent/workshopcontent/Algorithms/CMakeFiles/CMakeTmp'
Building CXX object CMakeFiles/cmTC_4369d.dir/feature_tests.cxx.o
/cvmfs/dune.opensciencegrid.org/products/dune/gcc/v8_2_0/Linux64bit+3.10-2.17/bin/c++    -std=c++17 -o CMakeFiles/cmTC_4369d.dir/feature_tests.cxx.o -c /storage/epp2/phupqr/Pandora.repos/Workshop/WorkshopContent/workshopcontent/Algorithms/CMakeFiles/feature_tests.cxx
Linking CXX executable cmTC_4369d
/cvmfs/dune.opensciencegrid.org/products/dune/cmake/v3_14_3/Linux64bit+3.10-2.17/bin/cmake -E cmake_link_script CMakeFiles/cmTC_4369d.dir/link.txt --verbose=1
/cvmfs/dune.opensciencegrid.org/products/dune/gcc/v8_2_0/Linux64bit+3.10-2.17/bin/c++       -rdynamic CMakeFiles/cmTC_4369d.dir/feature_tests.cxx.o  -o cmTC_4369d 
gmake[1]: Leaving directory `/storage/epp2/phupqr/Pandora.repos/Workshop/WorkshopContent/workshopcontent/Algorithms/CMakeFiles/CMakeTmp'


    Feature record: CXX_FEATURE:1cxx_aggregate_default_initializers
    Feature record: CXX_FEATURE:1cxx_alias_templates
    Feature record: CXX_FEATURE:1cxx_alignas
    Feature record: CXX_FEATURE:1cxx_alignof
    Feature record: CXX_FEATURE:1cxx_attributes
    Feature record: CXX_FEATURE:1cxx_attribute_deprecated
    Feature record: CXX_FEATURE:1cxx_auto_type
    Feature record: CXX_FEATURE:1cxx_binary_literals
    Feature record: CXX_FEATURE:1cxx_constexpr
    Feature record: CXX_FEATURE:1cxx_contextual_conversions
    Feature record: CXX_FEATURE:1cxx_decltype
    Feature record: CXX_FEATURE:1cxx_decltype_auto
    Feature record: CXX_FEATURE:1cxx_decltype_incomplete_return_types
    Feature record: CXX_FEATURE:1cxx_default_function_template_args
    Feature record: CXX_FEATURE:1cxx_defaulted_functions
    Feature record: CXX_FEATURE:1cxx_defaulted_move_initializers
    Feature record: CXX_FEATURE:1cxx_delegating_constructors
    Feature record: CXX_FEATURE:1cxx_deleted_functions
    Feature record: CXX_FEATURE:1cxx_digit_separators
    Feature record: CXX_FEATURE:1cxx_enum_forward_declarations
    Feature record: CXX_FEATURE:1cxx_explicit_conversions
    Feature record: CXX_FEATURE:1cxx_extended_friend_declarations
    Feature record: CXX_FEATURE:1cxx_extern_templates
    Feature record: CXX_FEATURE:1cxx_final
    Feature record: CXX_FEATURE:1cxx_func_identifier
    Feature record: CXX_FEATURE:1cxx_generalized_initializers
    Feature record: CXX_FEATURE:1cxx_generic_lambdas
    Feature record: CXX_FEATURE:1cxx_inheriting_constructors
    Feature record: CXX_FEATURE:1cxx_inline_namespaces
    Feature record: CXX_FEATURE:1cxx_lambdas
    Feature record: CXX_FEATURE:1cxx_lambda_init_captures
    Feature record: CXX_FEATURE:1cxx_local_type_template_args
    Feature record: CXX_FEATURE:1cxx_long_long_type
    Feature record: CXX_FEATURE:1cxx_noexcept
    Feature record: CXX_FEATURE:1cxx_nonstatic_member_init
    Feature record: CXX_FEATURE:1cxx_nullptr
    Feature record: CXX_FEATURE:1cxx_override
    Feature record: CXX_FEATURE:1cxx_range_for
    Feature record: CXX_FEATURE:1cxx_raw_string_literals
    Feature record: CXX_FEATURE:1cxx_reference_qualified_functions
    Feature record: CXX_FEATURE:1cxx_relaxed_constexpr
    Feature record: CXX_FEATURE:1cxx_return_type_deduction
    Feature record: CXX_FEATURE:1cxx_right_angle_brackets
    Feature record: CXX_FEATURE:1cxx_rvalue_references
    Feature record: CXX_FEATURE:1cxx_sizeof_member
    Feature record: CXX_FEATURE:1cxx_static_assert
    Feature record: CXX_FEATURE:1cxx_strong_enums
    Feature record: CXX_FEATURE:1cxx_template_template_parameters
    Feature record: CXX_FEATURE:1cxx_thread_local
    Feature record: CXX_FEATURE:1cxx_trailing_return_types
    Feature record: CXX_FEATURE:1cxx_unicode_literals
    Feature record: CXX_FEATURE:1cxx_uniform_initialization
    Feature record: CXX_FEATURE:1cxx_unrestricted_unions
    Feature record: CXX_FEATURE:1cxx_user_literals
    Feature record: CXX_FEATURE:1cxx_variable_templates
    Feature record: CXX_FEATURE:1cxx_variadic_macros
    Feature record: CXX_FEATURE:1cxx_variadic_templates


Detecting CXX [-std=c++14] compiler features compiled with the following output:
Change Dir: /storage/epp2/phupqr/Pandora.repos/Workshop/WorkshopContent/workshopcontent/Algorithms/CMakeFiles/CMakeTmp

Run Build Command(s):/usr/bin/gmake cmTC_fd617/fast 
/usr/bin/gmake -f CMakeFiles/cmTC_fd617.dir/build.make CMakeFiles/cmTC_fd617.dir/build
gmake[1]: Entering directory `/storage/epp2/phupqr/Pandora.repos/Workshop/WorkshopContent/workshopcontent/Algorithms/CMakeFiles/CMakeTmp'
Building CXX object CMakeFiles/cmTC_fd617.dir/feature_tests.cxx.o
/cvmfs/dune.opensciencegrid.org/products/dune/gcc/v8_2_0/Linux64bit+3.10-2.17/bin/c++    -std=c++14 -o CMakeFiles/cmTC_fd617.dir/feature_tests.cxx.o -c /storage/epp2/phupqr/Pandora.repos/Workshop/WorkshopContent/workshopcontent/Algorithms/CMakeFiles/feature_tests.cxx
Linking CXX executable cmTC_fd617
/cvmfs/dune.opensciencegrid.org/products/dune/cmake/v3_14_3/Linux64bit+3.10-2.17/bin/cmake -E cmake_link_script CMakeFiles/cmTC_fd617.dir/link.txt --verbose=1
/cvmfs/dune.opensciencegrid.org/products/dune/gcc/v8_2_0/Linux64bit+3.10-2.17/bin/c++       -rdynamic CMakeFiles/cmTC_fd617.dir/feature_tests.cxx.o  -o cmTC_fd617 
gmake[1]: Leaving directory `/storage/epp2/phupqr/Pandora.repos/Workshop/WorkshopContent/workshopcontent/Algorithms/CMakeFiles/CMakeTmp'


    Feature record: CXX_FEATURE:1cxx_aggregate_default_initializers
    Feature record: CXX_FEATURE:1cxx_alias_templates
    Feature record: CXX_FEATURE:1cxx_alignas
    Feature record: CXX_FEATURE:1cxx_alignof
    Feature record: CXX_FEATURE:1cxx_attributes
    Feature record: CXX_FEATURE:1cxx_attribute_deprecated
    Feature record: CXX_FEATURE:1cxx_auto_type
    Feature record: CXX_FEATURE:1cxx_binary_literals
    Feature record: CXX_FEATURE:1cxx_constexpr
    Feature record: CXX_FEATURE:1cxx_contextual_conversions
    Feature record: CXX_FEATURE:1cxx_decltype
    Feature record: CXX_FEATURE:1cxx_decltype_auto
    Feature record: CXX_FEATURE:1cxx_decltype_incomplete_return_types
    Feature record: CXX_FEATURE:1cxx_default_function_template_args
    Feature record: CXX_FEATURE:1cxx_defaulted_functions
    Feature record: CXX_FEATURE:1cxx_defaulted_move_initializers
    Feature record: CXX_FEATURE:1cxx_delegating_constructors
    Feature record: CXX_FEATURE:1cxx_deleted_functions
    Feature record: CXX_FEATURE:1cxx_digit_separators
    Feature record: CXX_FEATURE:1cxx_enum_forward_declarations
    Feature record: CXX_FEATURE:1cxx_explicit_conversions
    Feature record: CXX_FEATURE:1cxx_extended_friend_declarations
    Feature record: CXX_FEATURE:1cxx_extern_templates
    Feature record: CXX_FEATURE:1cxx_final
    Feature record: CXX_FEATURE:1cxx_func_identifier
    Feature record: CXX_FEATURE:1cxx_generalized_initializers
    Feature record: CXX_FEATURE:1cxx_generic_lambdas
    Feature record: CXX_FEATURE:1cxx_inheriting_constructors
    Feature record: CXX_FEATURE:1cxx_inline_namespaces
    Feature record: CXX_FEATURE:1cxx_lambdas
    Feature record: CXX_FEATURE:1cxx_lambda_init_captures
    Feature record: CXX_FEATURE:1cxx_local_type_template_args
    Feature record: CXX_FEATURE:1cxx_long_long_type
    Feature record: CXX_FEATURE:1cxx_noexcept
    Feature record: CXX_FEATURE:1cxx_nonstatic_member_init
    Feature record: CXX_FEATURE:1cxx_nullptr
    Feature record: CXX_FEATURE:1cxx_override
    Feature record: CXX_FEATURE:1cxx_range_for
    Feature record: CXX_FEATURE:1cxx_raw_string_literals
    Feature record: CXX_FEATURE:1cxx_reference_qualified_functions
    Feature record: CXX_FEATURE:1cxx_relaxed_constexpr
    Feature record: CXX_FEATURE:1cxx_return_type_deduction
    Feature record: CXX_FEATURE:1cxx_right_angle_brackets
    Feature record: CXX_FEATURE:1cxx_rvalue_references
    Feature record: CXX_FEATURE:1cxx_sizeof_member
    Feature record: CXX_FEATURE:1cxx_static_assert
    Feature record: CXX_FEATURE:1cxx_strong_enums
    Feature record: CXX_FEATURE:1cxx_template_template_parameters
    Feature record: CXX_FEATURE:1cxx_thread_local
    Feature record: CXX_FEATURE:1cxx_trailing_return_types
    Feature record: CXX_FEATURE:1cxx_unicode_literals
    Feature record: CXX_FEATURE:1cxx_uniform_initialization
    Feature record: CXX_FEATURE:1cxx_unrestricted_unions
    Feature record: CXX_FEATURE:1cxx_user_literals
    Feature record: CXX_FEATURE:1cxx_variable_templates
    Feature record: CXX_FEATURE:1cxx_variadic_macros
    Feature record: CXX_FEATURE:1cxx_variadic_templates


Detecting CXX [-std=c++11] compiler features compiled with the following output:
Change Dir: /storage/epp2/phupqr/Pandora.repos/Workshop/WorkshopContent/workshopcontent/Algorithms/CMakeFiles/CMakeTmp

Run Build Command(s):/usr/bin/gmake cmTC_6c718/fast 
/usr/bin/gmake -f CMakeFiles/cmTC_6c718.dir/build.make CMakeFiles/cmTC_6c718.dir/build
gmake[1]: Entering directory `/storage/epp2/phupqr/Pandora.repos/Workshop/WorkshopContent/workshopcontent/Algorithms/CMakeFiles/CMakeTmp'
Building CXX object CMakeFiles/cmTC_6c718.dir/feature_tests.cxx.o
/cvmfs/dune.opensciencegrid.org/products/dune/gcc/v8_2_0/Linux64bit+3.10-2.17/bin/c++    -std=c++11 -o CMakeFiles/cmTC_6c718.dir/feature_tests.cxx.o -c /storage/epp2/phupqr/Pandora.repos/Workshop/WorkshopContent/workshopcontent/Algorithms/CMakeFiles/feature_tests.cxx
Linking CXX executable cmTC_6c718
/cvmfs/dune.opensciencegrid.org/products/dune/cmake/v3_14_3/Linux64bit+3.10-2.17/bin/cmake -E cmake_link_script CMakeFiles/cmTC_6c718.dir/link.txt --verbose=1
/cvmfs/dune.opensciencegrid.org/products/dune/gcc/v8_2_0/Linux64bit+3.10-2.17/bin/c++       -rdynamic CMakeFiles/cmTC_6c718.dir/feature_tests.cxx.o  -o cmTC_6c718 
gmake[1]: Leaving directory `/storage/epp2/phupqr/Pandora.repos/Workshop/WorkshopContent/workshopcontent/Algorithms/CMakeFiles/CMakeTmp'


    Feature record: CXX_FEATURE:0cxx_aggregate_default_initializers
    Feature record: CXX_FEATURE:1cxx_alias_templates
    Feature record: CXX_FEATURE:1cxx_alignas
    Feature record: CXX_FEATURE:1cxx_alignof
    Feature record: CXX_FEATURE:1cxx_attributes
    Feature record: CXX_FEATURE:0cxx_attribute_deprecated
    Feature record: CXX_FEATURE:1cxx_auto_type
    Feature record: CXX_FEATURE:0cxx_binary_literals
    Feature record: CXX_FEATURE:1cxx_constexpr
    Feature record: CXX_FEATURE:0cxx_contextual_conversions
    Feature record: CXX_FEATURE:1cxx_decltype
    Feature record: CXX_FEATURE:0cxx_decltype_auto
    Feature record: CXX_FEATURE:1cxx_decltype_incomplete_return_types
    Feature record: CXX_FEATURE:1cxx_default_function_template_args
    Feature record: CXX_FEATURE:1cxx_defaulted_functions
    Feature record: CXX_FEATURE:1cxx_defaulted_move_initializers
    Feature record: CXX_FEATURE:1cxx_delegating_constructors
    Feature record: CXX_FEATURE:1cxx_deleted_functions
    Feature record: CXX_FEATURE:0cxx_digit_separators
    Feature record: CXX_FEATURE:1cxx_enum_forward_declarations
    Feature record: CXX_FEATURE:1cxx_explicit_conversions
    Feature record: CXX_FEATURE:1cxx_extended_friend_declarations
    Feature record: CXX_FEATURE:1cxx_extern_templates
    Feature record: CXX_FEATURE:1cxx_final
    Feature record: CXX_FEATURE:1cxx_func_identifier
    Feature record: CXX_FEATURE:1cxx_generalized_initializers
    Feature record: CXX_FEATURE:0cxx_generic_lambdas
    Feature record: CXX_FEATURE:1cxx_inheriting_constructors
    Feature record: CXX_FEATURE:1cxx_inline_namespaces
    Feature record: CXX_FEATURE:1cxx_lambdas
    Feature record: CXX_FEATURE:0cxx_lambda_init_captures
    Feature record: CXX_FEATURE:1cxx_local_type_template_args
    Feature record: CXX_FEATURE:1cxx_long_long_type
    Feature record: CXX_FEATURE:1cxx_noexcept
    Feature record: CXX_FEATURE:1cxx_nonstatic_member_init
    Feature record: CXX_FEATURE:1cxx_nullptr
    Feature record: CXX_FEATURE:1cxx_override
    Feature record: CXX_FEATURE:1cxx_range_for
    Feature record: CXX_FEATURE:1cxx_raw_string_literals
    Feature record: CXX_FEATURE:1cxx_reference_qualified_functions
    Feature record: CXX_FEATURE:0cxx_relaxed_constexpr
    Feature record: CXX_FEATURE:0cxx_return_type_deduction
    Feature record: CXX_FEATURE:1cxx_right_angle_brackets
    Feature record: CXX_FEATURE:1cxx_rvalue_references
    Feature record: CXX_FEATURE:1cxx_sizeof_member
    Feature record: CXX_FEATURE:1cxx_static_assert
    Feature record: CXX_FEATURE:1cxx_strong_enums
    Feature record: CXX_FEATURE:1cxx_template_template_parameters
    Feature record: CXX_FEATURE:1cxx_thread_local
    Feature record: CXX_FEATURE:1cxx_trailing_return_types
    Feature record: CXX_FEATURE:1cxx_unicode_literals
    Feature record: CXX_FEATURE:1cxx_uniform_initialization
    Feature record: CXX_FEATURE:1cxx_unrestricted_unions
    Feature record: CXX_FEATURE:1cxx_user_literals
    Feature record: CXX_FEATURE:0cxx_variable_templates
    Feature record: CXX_FEATURE:1cxx_variadic_macros
    Feature record: CXX_FEATURE:1cxx_variadic_templates


Detecting CXX [-std=c++98] compiler features compiled with the following output:
Change Dir: /storage/epp2/phupqr/Pandora.repos/Workshop/WorkshopContent/workshopcontent/Algorithms/CMakeFiles/CMakeTmp

Run Build Command(s):/usr/bin/gmake cmTC_207f0/fast 
/usr/bin/gmake -f CMakeFiles/cmTC_207f0.dir/build.make CMakeFiles/cmTC_207f0.dir/build
gmake[1]: Entering directory `/storage/epp2/phupqr/Pandora.repos/Workshop/WorkshopContent/workshopcontent/Algorithms/CMakeFiles/CMakeTmp'
Building CXX object CMakeFiles/cmTC_207f0.dir/feature_tests.cxx.o
/cvmfs/dune.opensciencegrid.org/products/dune/gcc/v8_2_0/Linux64bit+3.10-2.17/bin/c++    -std=c++98 -o CMakeFiles/cmTC_207f0.dir/feature_tests.cxx.o -c /storage/epp2/phupqr/Pandora.repos/Workshop/WorkshopContent/workshopcontent/Algorithms/CMakeFiles/feature_tests.cxx
Linking CXX executable cmTC_207f0
/cvmfs/dune.opensciencegrid.org/products/dune/cmake/v3_14_3/Linux64bit+3.10-2.17/bin/cmake -E cmake_link_script CMakeFiles/cmTC_207f0.dir/link.txt --verbose=1
/cvmfs/dune.opensciencegrid.org/products/dune/gcc/v8_2_0/Linux64bit+3.10-2.17/bin/c++       -rdynamic CMakeFiles/cmTC_207f0.dir/feature_tests.cxx.o  -o cmTC_207f0 
gmake[1]: Leaving directory `/storage/epp2/phupqr/Pandora.repos/Workshop/WorkshopContent/workshopcontent/Algorithms/CMakeFiles/CMakeTmp'


    Feature record: CXX_FEATURE:0cxx_aggregate_default_initializers
    Feature record: CXX_FEATURE:0cxx_alias_templates
    Feature record: CXX_FEATURE:0cxx_alignas
    Feature record: CXX_FEATURE:0cxx_alignof
    Feature record: CXX_FEATURE:0cxx_attributes
    Feature record: CXX_FEATURE:0cxx_attribute_deprecated
    Feature record: CXX_FEATURE:0cxx_auto_type
    Feature record: CXX_FEATURE:0cxx_binary_literals
    Feature record: CXX_FEATURE:0cxx_constexpr
    Feature record: CXX_FEATURE:0cxx_contextual_conversions
    Feature record: CXX_FEATURE:0cxx_decltype
    Feature record: CXX_FEATURE:0cxx_decltype_auto
    Feature record: CXX_FEATURE:0cxx_decltype_incomplete_return_types
    Feature record: CXX_FEATURE:0cxx_default_function_template_args
    Feature record: CXX_FEATURE:0cxx_defaulted_functions
    Feature record: CXX_FEATURE:0cxx_defaulted_move_initializers
    Feature record: CXX_FEATURE:0cxx_delegating_constructors
    Feature record: CXX_FEATURE:0cxx_deleted_functions
    Feature record: CXX_FEATURE:0cxx_digit_separators
    Feature record: CXX_FEATURE:0cxx_enum_forward_declarations
    Feature record: CXX_FEATURE:0cxx_explicit_conversions
    Feature record: CXX_FEATURE:0cxx_extended_friend_declarations
    Feature record: CXX_FEATURE:0cxx_extern_templates
    Feature record: CXX_FEATURE:0cxx_final
    Feature record: CXX_FEATURE:0cxx_func_identifier
    Feature record: CXX_FEATURE:0cxx_generalized_initializers
    Feature record: CXX_FEATURE:0cxx_generic_lambdas
    Feature record: CXX_FEATURE:0cxx_inheriting_constructors
    Feature record: CXX_FEATURE:0cxx_inline_namespaces
    Feature record: CXX_FEATURE:0cxx_lambdas
    Feature record: CXX_FEATURE:0cxx_lambda_init_captures
    Feature record: CXX_FEATURE:0cxx_local_type_template_args
    Feature record: CXX_FEATURE:0cxx_long_long_type
    Feature record: CXX_FEATURE:0cxx_noexcept
    Feature record: CXX_FEATURE:0cxx_nonstatic_member_init
    Feature record: CXX_FEATURE:0cxx_nullptr
    Feature record: CXX_FEATURE:0cxx_override
    Feature record: CXX_FEATURE:0cxx_range_for
    Feature record: CXX_FEATURE:0cxx_raw_string_literals
    Feature record: CXX_FEATURE:0cxx_reference_qualified_functions
    Feature record: CXX_FEATURE:0cxx_relaxed_constexpr
    Feature record: CXX_FEATURE:0cxx_return_type_deduction
    Feature record: CXX_FEATURE:0cxx_right_angle_brackets
    Feature record: CXX_FEATURE:0cxx_rvalue_references
    Feature record: CXX_FEATURE:0cxx_sizeof_member
    Feature record: CXX_FEATURE:0cxx_static_assert
    Feature record: CXX_FEATURE:0cxx_strong_enums
    Feature record: CXX_FEATURE:1cxx_template_template_parameters
    Feature record: CXX_FEATURE:0cxx_thread_local
    Feature record: CXX_FEATURE:0cxx_trailing_return_types
    Feature record: CXX_FEATURE:0cxx_unicode_literals
    Feature record: CXX_FEATURE:0cxx_uniform_initialization
    Feature record: CXX_FEATURE:0cxx_unrestricted_unions
    Feature record: CXX_FEATURE:0cxx_user_literals
    Feature record: CXX_FEATURE:0cxx_variable_templates
    Feature record: CXX_FEATURE:0cxx_variadic_macros
    Feature record: CXX_FEATURE:0cxx_variadic_templates
